Hópur <NOT MAPPED>:nken
nokkurra <NOT MAPPED>:fokfe
vaskra <NOT MAPPED>:lkfesf <UNKNOWN>
Íslendinga <NOT MAPPED>:nkfe-s
stakk <NOT MAPPED>:sfg3eþ
sér <NOT MAPPED>:fpkeþ
til af
sunds <NOT MAPPED>:nhee <UNKNOWN>
í af
Nauthólsvík <NOT MAPPED>:nveþ-s <UNKNOWN>
í <NOT MAPPED>:aa
gær <NOT MAPPED>:aa
og <NOT MAPPED>:c
hóf <NOT MAPPED>:sfg3eþ
þannig <NOT MAPPED>:lheoof
árið <NOT MAPPED>:nheog
með af
heilsueflingu <NOT MAPPED>:nveþ <UNKNOWN>
á af
nýársdegi <NOT MAPPED>:nkeþ <UNKNOWN>
. <NOT MAPPED>:.

Tíu <NOT MAPPED>:tfkfn
sundmenn <NOT MAPPED>:nkfn <UNKNOWN>
þreyttu <NOT MAPPED>:sfg3fþ <UNKNOWN>
nýárssundið <NOT MAPPED>:nheog <UNKNOWN>
í af
Nauthólsvík <NOT MAPPED>:nveþ-s <UNKNOWN>
og <NOT MAPPED>:c
það <NOT MAPPED>:faheo
merkilegasta <NOT MAPPED>:lveose <UNKNOWN>
er <NOT MAPPED>:sfg3en
að <NOT MAPPED>:c
tveir <NOT MAPPED>:tfkfn
þeirra <NOT MAPPED>:fpkfe
eru <NOT MAPPED>:sfg3fn
aðeins <NOT MAPPED>:aa
14 <NOT MAPPED>:ta
og <NOT MAPPED>:c
15 <NOT MAPPED>:ta
ára <NOT MAPPED>:nhfe
. <NOT MAPPED>:.

Það <NOT MAPPED>:fphen
eru <NOT MAPPED>:sfg3fn
þau <NOT MAPPED>:fphfn
Jón <NOT MAPPED>:nken-s
Eyjólfur <NOT MAPPED>:nken-s
Jónsson <NOT MAPPED>:nken-s
og <NOT MAPPED>:c
Helga <NOT MAPPED>:nven-s
Ásdís <NOT MAPPED>:nven-s
Jónasdóttir <NOT MAPPED>:nven-s
, <NOT MAPPED>:,
sem <NOT MAPPED>:ct
voru <NOT MAPPED>:sfg3fþ
bæði <NOT MAPPED>:c
að <NOT MAPPED>:cn
leggja <NOT MAPPED>:sng
í af
þetta <NOT MAPPED>:faheo
afrek <NOT MAPPED>:nheo
í af
fyrsta <NOT MAPPED>:lheove
sinn <NOT MAPPED>:nheo
, <NOT MAPPED>:,
og <NOT MAPPED>:c
ekki <NOT MAPPED>:aa
annað <NOT MAPPED>:foheo
að <NOT MAPPED>:cn
sjá <NOT MAPPED>:sng
en <NOT MAPPED>:c
að <NOT MAPPED>:c
sundið <NOT MAPPED>:nheng
hefði <NOT MAPPED>:svg3eþ
farið <NOT MAPPED>:ssg
vel <NOT MAPPED>:aa
í af
þau <NOT MAPPED>:fphfo
. <NOT MAPPED>:.

Þó <NOT MAPPED>:aa
að <NOT MAPPED>:c
frost <NOT MAPPED>:nhen
væri <NOT MAPPED>:svg3eþ
töluvert <NOT MAPPED>:aa
í af
gærdag <NOT MAPPED>:nkeo <UNKNOWN>
þegar <NOT MAPPED>:c
sundið <NOT MAPPED>:nheng
átti <NOT MAPPED>:sfg3eþ
sér <NOT MAPPED>:fpheþ
stað <NOT MAPPED>:nkeo
létu <NOT MAPPED>:sfg3fþ
garparnir <NOT MAPPED>:nkfng <UNKNOWN>
það <NOT MAPPED>:fpheo
ekki <NOT MAPPED>:aa
á af
sig <NOT MAPPED>:fpkfo
fá <NOT MAPPED>:sng
heldur <NOT MAPPED>:c
syntu <NOT MAPPED>:svg3fþ
hver <NOT MAPPED>:fshfn
í af
kapp <NOT MAPPED>:nheo
við af
annan <NOT MAPPED>:fokeo
. <NOT MAPPED>:.

Þeir <NOT MAPPED>:fpkfn
flýttu <NOT MAPPED>:sfg3fþ
sér <NOT MAPPED>:fpkfþ
þó <NOT MAPPED>:aa
að <NOT MAPPED>:cn
þurrka <NOT MAPPED>:sng
sér <NOT MAPPED>:fpkfþ
og <NOT MAPPED>:c
klæða <NOT MAPPED>:sng
þegar <NOT MAPPED>:c
í af
land <NOT MAPPED>:nheo
var <NOT MAPPED>:sfg3eþ
komið <NOT MAPPED>:sþghen
enda <NOT MAPPED>:c
getur <NOT MAPPED>:sfg3en
frostið <NOT MAPPED>:nheng <UNKNOWN>
bitið <NOT MAPPED>:ssg
harkalega <NOT MAPPED>:aa
á af
þessum <NOT MAPPED>:fakeþ
árstíma <NOT MAPPED>:nkeþ
. <NOT MAPPED>:.

Ylströndin <NOT MAPPED>:nveng <UNKNOWN>
, <NOT MAPPED>:,
sem <NOT MAPPED>:ct
flestir <NOT MAPPED>:lkfnse
nota <NOT MAPPED>:sng
sér <NOT MAPPED>:fpveþ
yfirleitt <NOT MAPPED>:aa
eingöngu <NOT MAPPED>:aa
yfir af
sumartímann <NOT MAPPED>:nkeog
þegar <NOT MAPPED>:c
vatnið <NOT MAPPED>:nheng
er <NOT MAPPED>:sfg3en
þægilega <NOT MAPPED>:aa
volgt <NOT MAPPED>:lhensf
, <NOT MAPPED>:,
er <NOT MAPPED>:sfg3en
því <NOT MAPPED>:aa
alls <NOT MAPPED>:fohee
ekki <NOT MAPPED>:aa
mannlaus <NOT MAPPED>:lkensf <UNKNOWN>
á af
veturna <NOT MAPPED>:nkfog
, <NOT MAPPED>:,
í af
það <NOT MAPPED>:faheo
minnsta <NOT MAPPED>:lheove
ekki <NOT MAPPED>:aa
á <NOT MAPPED>:aa
meðan <NOT MAPPED>:c
þetta <NOT MAPPED>:faheo
vaska <NOT MAPPED>:sfg3fn
fólk <NOT MAPPED>:nhfn
heldur <NOT MAPPED>:c
uppteknum <NOT MAPPED>:lkeþsf
hætti <NOT MAPPED>:nkeþ
og <NOT MAPPED>:c
stundar <NOT MAPPED>:nvee
sjósund <NOT MAPPED>:nheo <UNKNOWN>
að af
vetrarlagi <NOT MAPPED>:nheþ
af af
miklum <NOT MAPPED>:lkeþsf
krafti <NOT MAPPED>:nkeþ
. <NOT MAPPED>:.

Ung <NOT MAPPED>:lvensf
listakona <NOT MAPPED>:nven <UNKNOWN>
þreyr <NOT MAPPED>:sfg3en <UNKNOWN>
daga <NOT MAPPED>:nkfo
sína <NOT MAPPED>:fekfo
í af
tilbreytingaleysi <NOT MAPPED>:nheþ <UNKNOWN>
og <NOT MAPPED>:c
tómleika <NOT MAPPED>:nkeþ
. <NOT MAPPED>:.

Henni <NOT MAPPED>:fpveþ
er <NOT MAPPED>:sfg3en
dimmt <NOT MAPPED>:lhensf
fyrir af
augum <NOT MAPPED>:nhfþ
. <NOT MAPPED>:.

Hún <NOT MAPPED>:fpven
er <NOT MAPPED>:sfg3en
einmana <NOT MAPPED>:lvenof
og <NOT MAPPED>:c
ónóg <NOT MAPPED>:lvensf <UNKNOWN>
sjálfri <NOT MAPPED>:fbveþ
sér <NOT MAPPED>:fpveþ
. <NOT MAPPED>:.

Hún <NOT MAPPED>:fpven
er <NOT MAPPED>:sfg3en
orðin <NOT MAPPED>:sþgven
leið <NOT MAPPED>:sfg3eþ
á af
lífinu <NOT MAPPED>:nheþg
. <NOT MAPPED>:.

Ekki <NOT MAPPED>:aa
svo <NOT MAPPED>:aa
að <NOT MAPPED>:cn
skilja <NOT MAPPED>:sng
að <NOT MAPPED>:c
henni <NOT MAPPED>:fpveþ
gangi <NOT MAPPED>:nkeþ
ekki <NOT MAPPED>:aa
allvel <NOT MAPPED>:aa
í af
listinni <NOT MAPPED>:nveþg
. <NOT MAPPED>:.

Það <NOT MAPPED>:fahen
dæmið <NOT MAPPED>:nheng
gengur <NOT MAPPED>:sfg3en
upp <NOT MAPPED>:aa
að af
svo <NOT MAPPED>:aa
miklu <NOT MAPPED>:lheþsf
leyti <NOT MAPPED>:nheþ
sem <NOT MAPPED>:ct
hún <NOT MAPPED>:fpven
getur <NOT MAPPED>:sfg3en
vænst <NOT MAPPED>:ssm
. <NOT MAPPED>:.

Og <NOT MAPPED>:c
þó <NOT MAPPED>:aa
með af
því <NOT MAPPED>:fpheþ
ófrávíkjanlega <NOT MAPPED>:lheþsf <UNKNOWN>
skilyrði <NOT MAPPED>:nheþ
að <NOT MAPPED>:c
hún <NOT MAPPED>:fpven
beygi <NOT MAPPED>:svg3en <UNKNOWN>
sig <NOT MAPPED>:fpveo
undir af
harðstjórn <NOT MAPPED>:nveþ <UNKNOWN>
tíðarandans <NOT MAPPED>:nkeeg <UNKNOWN>
. <NOT MAPPED>:.

Það <NOT MAPPED>:fphen
tekst <NOT MAPPED>:sfm3en
henni <NOT MAPPED>:fpveþ
lengi <NOT MAPPED>:aa
vel <NOT MAPPED>:aa
eins <NOT MAPPED>:aa
og <NOT MAPPED>:c
til <NOT MAPPED>:aa
er <NOT MAPPED>:sfg3en
ætlast <NOT MAPPED>:sþmhen
. <NOT MAPPED>:.

Þar <NOT MAPPED>:aa
til <NOT MAPPED>:aa
ýmsir <NOT MAPPED>:fokfn
straumar <NOT MAPPED>:nkfn
fara <NOT MAPPED>:sfg3fn
að <NOT MAPPED>:cn
leika <NOT MAPPED>:sng
um af
vitundarlíf <NOT MAPPED>:nheo <UNKNOWN>
hennar <NOT MAPPED>:fpvee
og <NOT MAPPED>:c
- <NOT MAPPED>:-
ef <NOT MAPPED>:c
manni <NOT MAPPED>:nkeþ
leyfist <NOT MAPPED>:svm3en
að <NOT MAPPED>:cn
segja <NOT MAPPED>:sng
- <NOT MAPPED>:-
undirvitund <NOT MAPPED>:nveo <UNKNOWN>
. <NOT MAPPED>:.

Henni <NOT MAPPED>:fpveþ
segir <NOT MAPPED>:sfg3en
svo <NOT MAPPED>:aa
hugur <NOT MAPPED>:nken
að <NOT MAPPED>:c
hún <NOT MAPPED>:fpven
sé <NOT MAPPED>:svg3en
farin <NOT MAPPED>:sþgven
að <NOT MAPPED>:cn
dreifa <NOT MAPPED>:sng
í <NOT MAPPED>:aa
kringum af
sig <NOT MAPPED>:fpveo
» <NOT MAPPED>:»
neikvæðri <NOT MAPPED>:lveþsf <UNKNOWN>
orku <NOT MAPPED>:nveþ
« <NOT MAPPED>:«
. <NOT MAPPED>:.

Myndir <NOT MAPPED>:nvfn
hennar <NOT MAPPED>:fpvee
» <NOT MAPPED>:»
tjáðu <NOT MAPPED>:sfg3fþ
einungis <NOT MAPPED>:aa
myrkur <NOT MAPPED>:nhen
« <NOT MAPPED>:«
. <NOT MAPPED>:.

Dag <NOT MAPPED>:nkeo
einn <NOT MAPPED>:lkensf
er <NOT MAPPED>:sfg3en
hún <NOT MAPPED>:fpven
svo <NOT MAPPED>:aa
mjög <NOT MAPPED>:aa
á af
valdi <NOT MAPPED>:nheþ
þessara <NOT MAPPED>:fakfe
strauma <NOT MAPPED>:nkfe
- <NOT MAPPED>:-
eða <NOT MAPPED>:c
orku <NOT MAPPED>:nveo
- <NOT MAPPED>:-
að <NOT MAPPED>:c
hún <NOT MAPPED>:fpven
málar <NOT MAPPED>:sfg3en
mynd <NOT MAPPED>:nveo
sem <NOT MAPPED>:ct
líkist <NOT MAPPED>:sfm3en
engu <NOT MAPPED>:foheþ
sem <NOT MAPPED>:ct
hún <NOT MAPPED>:fpven
hefur <NOT MAPPED>:sfg3en
áður <NOT MAPPED>:aa
fest <NOT MAPPED>:ssg
á af
myndflötinn <NOT MAPPED>:nkeog <UNKNOWN>
. <NOT MAPPED>:.

» <NOT MAPPED>:»
Hún <NOT MAPPED>:fpven
hafði <NOT MAPPED>:sfg3eþ
í af
svefnrofunum <NOT MAPPED>:nhfþg
verið <NOT MAPPED>:ssg
að <NOT MAPPED>:cn
mála <NOT MAPPED>:sng
drauminn <NOT MAPPED>:nkeog
og <NOT MAPPED>:c
hún <NOT MAPPED>:fpven
fann <NOT MAPPED>:sfg3eþ
hvernig <NOT MAPPED>:lvenof
myndin <NOT MAPPED>:nveng
endurómaði <NOT MAPPED>:sfg3eþ <UNKNOWN>
gleði <NOT MAPPED>:nveþ
og <NOT MAPPED>:c
birtu <NOT MAPPED>:nveþ
inn <NOT MAPPED>:aa
í af
hjarta <NOT MAPPED>:nheþ
hennar <NOT MAPPED>:fpvee
. <NOT MAPPED>:.
« <NOT MAPPED>:«

Hún <NOT MAPPED>:fpven
ákveður <NOT MAPPED>:sfg3en
að <NOT MAPPED>:cn
taka <NOT MAPPED>:sng
líf <NOT MAPPED>:nheo
sitt <NOT MAPPED>:feheo
til af
gagngerðrar <NOT MAPPED>:lveesf <UNKNOWN>
endurskoðunar <NOT MAPPED>:nvee <UNKNOWN>
. <NOT MAPPED>:.

» <NOT MAPPED>:»
Hvers <NOT MAPPED>:fokee
virði <NOT MAPPED>:nhen
var <NOT MAPPED>:sfg3eþ
það <NOT MAPPED>:fphen
að <NOT MAPPED>:cn
búa <NOT MAPPED>:sng
til <NOT MAPPED>:aa
eitthvað <NOT MAPPED>:foheo
, <NOT MAPPED>:,
að <NOT MAPPED>:cn
halda <NOT MAPPED>:sng
í af
eitthvert <NOT MAPPED>:foheo
ímyndað <NOT MAPPED>:lheosf
listamannsnafn <NOT MAPPED>:nheo <UNKNOWN>
? <NOT MAPPED>:?
« <NOT MAPPED>:«

Vinur <NOT MAPPED>:nken
hennar <NOT MAPPED>:fpvee
ber <NOT MAPPED>:sfg3en
að af
dyrum <NOT MAPPED>:nvfþ
og <NOT MAPPED>:c
spyr <NOT MAPPED>:sfg3en
hvort <NOT MAPPED>:c
hann <NOT MAPPED>:fpken
megi <NOT MAPPED>:svg3en
koma <NOT MAPPED>:sng
með af
mann <NOT MAPPED>:nkeo
sem <NOT MAPPED>:ct
langi <NOT MAPPED>:lkenvf
að <NOT MAPPED>:cn
kaupa <NOT MAPPED>:sng
af af
henni <NOT MAPPED>:fpveþ
mynd <NOT MAPPED>:nveþ
. <NOT MAPPED>:.

Hún <NOT MAPPED>:fpven
tekur <NOT MAPPED>:sfg3en
því <NOT MAPPED>:fpheþ
fagnandi <NOT MAPPED>:lvenof <UNKNOWN>
. <NOT MAPPED>:.

Fyrir af
andvirðið <NOT MAPPED>:nheog <UNKNOWN>
tækist <NOT MAPPED>:svm3eþ
henni <NOT MAPPED>:fpveþ
ef <NOT MAPPED>:c
til <NOT MAPPED>:aa
vill <NOT MAPPED>:sfg3en
að <NOT MAPPED>:cn
komast <NOT MAPPED>:snm
til af
Indlands <NOT MAPPED>:nhee-s <UNKNOWN>
. <NOT MAPPED>:.

Og <NOT MAPPED>:c
bíður <NOT MAPPED>:sfg3en
ekki <NOT MAPPED>:aa
boðanna <NOT MAPPED>:nhfeg
en <NOT MAPPED>:c
tekur <NOT MAPPED>:sfg3en
samstundis <NOT MAPPED>:aa
að <NOT MAPPED>:cn
undirbúa <NOT MAPPED>:sng
ferðina <NOT MAPPED>:nveog
. <NOT MAPPED>:.

Segir <NOT MAPPED>:sfg3en
svo <NOT MAPPED>:aa
ekki <NOT MAPPED>:aa
af af
ferð <NOT MAPPED>:nveþ
hennar <NOT MAPPED>:fpvee
fyrr <NOT MAPPED>:aam
en <NOT MAPPED>:c
þangað <NOT MAPPED>:aa
er <NOT MAPPED>:sfg3en
komið <NOT MAPPED>:sþghen
. <NOT MAPPED>:.

En <NOT MAPPED>:c
á af
Indlandi <NOT MAPPED>:nheþ-s
sest <NOT MAPPED>:sfm3en
hún <NOT MAPPED>:fpven
í af
skóla <NOT MAPPED>:nkeþ
þar <NOT MAPPED>:aa
sem <NOT MAPPED>:c
kenndar <NOT MAPPED>:sþgvfn
eru <NOT MAPPED>:sfg3fn
ýmsar <NOT MAPPED>:fovfn
listgreinar <NOT MAPPED>:nvfn <UNKNOWN>
, <NOT MAPPED>:,
og <NOT MAPPED>:c
ennfremur <NOT MAPPED>:aa
hugleiðsla <NOT MAPPED>:nven <UNKNOWN>
. <NOT MAPPED>:.

Þar <NOT MAPPED>:aa
að <NOT MAPPED>:aa
auki <NOT MAPPED>:aa
er <NOT MAPPED>:sfg3en
hún <NOT MAPPED>:fpven
látin <NOT MAPPED>:sþgven
temja <NOT MAPPED>:sng
sér <NOT MAPPED>:fpveþ
ákveðnar <NOT MAPPED>:lvfosf
stellingar <NOT MAPPED>:nvfo
og <NOT MAPPED>:c
iðka <NOT MAPPED>:sng
öndunaræfingar <NOT MAPPED>:nvfo <UNKNOWN>
. <NOT MAPPED>:.

Skemmst <NOT MAPPED>:aae
er <NOT MAPPED>:sfg3en
frá af
að <NOT MAPPED>:cn
segja <NOT MAPPED>:sng
að <NOT MAPPED>:c
hún <NOT MAPPED>:fpven
verður <NOT MAPPED>:sfg3en
strax <NOT MAPPED>:aa
fyrir af
djúpum <NOT MAPPED>:lvfþsf
og <NOT MAPPED>:c
varanlegum <NOT MAPPED>:lhfþsf <UNKNOWN>
áhrifum <NOT MAPPED>:nhfþ
af af
leiðbeinendum <NOT MAPPED>:nkfþ <UNKNOWN>
sínum <NOT MAPPED>:fekfþ
og <NOT MAPPED>:c
landinu <NOT MAPPED>:nheþg
. <NOT MAPPED>:.

Þetta <NOT MAPPED>:fahen
er <NOT MAPPED>:sfg3en
í af
skemmstu <NOT MAPPED>:lheþse
máli <NOT MAPPED>:nheþ
rammi <NOT MAPPED>:nken
sögunnar <NOT MAPPED>:nveeg
. <NOT MAPPED>:.

En <NOT MAPPED>:c
sjálf <NOT MAPPED>:fbven
getur <NOT MAPPED>:sfg3en
sagan <NOT MAPPED>:nveng
aðeins <NOT MAPPED>:aa
skoðast <NOT MAPPED>:ssm <UNKNOWN>
sem <NOT MAPPED>:c
rammi <NOT MAPPED>:nken
utan <NOT MAPPED>:aa
um af
annað <NOT MAPPED>:foheo
og <NOT MAPPED>:c
meira <NOT MAPPED>:lheovm
. <NOT MAPPED>:.

Daglega <NOT MAPPED>:lhenvf
lífið <NOT MAPPED>:nheng
með af
amstri <NOT MAPPED>:nheþ <UNKNOWN>
sínu <NOT MAPPED>:feheþ
og <NOT MAPPED>:c
áhyggjum <NOT MAPPED>:nvfþ
kemur <NOT MAPPED>:sfg3en
lítið <NOT MAPPED>:lhensf
við af
sögu <NOT MAPPED>:nveo
, <NOT MAPPED>:,
að <NOT MAPPED>:c
ekki <NOT MAPPED>:aa
sé <NOT MAPPED>:svg3en
talað <NOT MAPPED>:sþghen
um af
persónuleg <NOT MAPPED>:lhfosf
átök <NOT MAPPED>:nhfo
og <NOT MAPPED>:c
spennu <NOT MAPPED>:nveo
eins <NOT MAPPED>:aa
og <NOT MAPPED>:c
gerist <NOT MAPPED>:sfm3en
og <NOT MAPPED>:c
gengur <NOT MAPPED>:sfg3en
í af
dæmigerðum <NOT MAPPED>:lvfþsf <UNKNOWN>
skáldsögum <NOT MAPPED>:nvfþ <UNKNOWN>
. <NOT MAPPED>:.

Markmið <NOT MAPPED>:nhen
söguhetjunnar <NOT MAPPED>:nveeg <UNKNOWN>
stefna <NOT MAPPED>:nven
þvert <NOT MAPPED>:aa
á <NOT MAPPED>:aa
móti <NOT MAPPED>:aa
inn <NOT MAPPED>:aa
á <NOT MAPPED>:aa
við <NOT MAPPED>:aa
, <NOT MAPPED>:,
til af
þess <NOT MAPPED>:fphee
» <NOT MAPPED>:»
að <NOT MAPPED>:cn
nálgast <NOT MAPPED>:snm
hið <NOT MAPPED>:gheo
eilífa <NOT MAPPED>:lheovf
ljós <NOT MAPPED>:nheo
« <NOT MAPPED>:«
og <NOT MAPPED>:c
» <NOT MAPPED>:»
skynja <NOT MAPPED>:sng
æðaslátt <NOT MAPPED>:nkeo <UNKNOWN>
guðdómsins <NOT MAPPED>:nkeeg <UNKNOWN>
« <NOT MAPPED>:«
svo <NOT MAPPED>:aa
skírskotað <NOT MAPPED>:sþghen <UNKNOWN>
sé <NOT MAPPED>:sfg1en
beint <NOT MAPPED>:aa
til af
textans <NOT MAPPED>:nkeeg <UNKNOWN>
. <NOT MAPPED>:.

Í af
þeirri <NOT MAPPED>:faveþ
leit <NOT MAPPED>:nveþ
lendir <NOT MAPPED>:sfg3en
söguhetjan <NOT MAPPED>:nveng
oftar <NOT MAPPED>:aam
en <NOT MAPPED>:c
ekki <NOT MAPPED>:aa
í af
fléttum <NOT MAPPED>:nvfþ <UNKNOWN>
og <NOT MAPPED>:c
flækjum <NOT MAPPED>:sfg1fn <UNKNOWN>
, <NOT MAPPED>:,
sem <NOT MAPPED>:ct
raknar <NOT MAPPED>:lvfnsf <UNKNOWN>
úr <NOT MAPPED>:aa
, <NOT MAPPED>:,
og <NOT MAPPED>:c
verður <NOT MAPPED>:sfg3en
jafnoft <NOT MAPPED>:aa
fyrir af
hindrunum <NOT MAPPED>:nvfþ <UNKNOWN>
, <NOT MAPPED>:,
sem <NOT MAPPED>:ct
sömuleiðis <NOT MAPPED>:aa
tekst <NOT MAPPED>:sfm3en
að <NOT MAPPED>:cn
ryðja <NOT MAPPED>:sng
úr af
vegi <NOT MAPPED>:nkeþ
. <NOT MAPPED>:.

En <NOT MAPPED>:c
allt <NOT MAPPED>:fohen
er <NOT MAPPED>:sfg3en
það <NOT MAPPED>:fphen
á af
huglæga <NOT MAPPED>:lheþvf <UNKNOWN>
sviðinu <NOT MAPPED>:nheþg
. <NOT MAPPED>:.

Á af
Indlandi <NOT MAPPED>:nheþ-s
, <NOT MAPPED>:,
þar <NOT MAPPED>:aa
sem <NOT MAPPED>:c
hún <NOT MAPPED>:fpven
nemur <NOT MAPPED>:sfg3en
fræðin <NOT MAPPED>:nveng
og <NOT MAPPED>:c
reikar <NOT MAPPED>:sfg3en
um af
skógana <NOT MAPPED>:nkfog
, <NOT MAPPED>:,
hverfur <NOT MAPPED>:sfg3en
henni <NOT MAPPED>:fpveþ
hið <NOT MAPPED>:gheo
veraldlega <NOT MAPPED>:lheovf
tímaskyn <NOT MAPPED>:nheo <UNKNOWN>
. <NOT MAPPED>:.

Að af
lokum <NOT MAPPED>:nhfþ
snýr <NOT MAPPED>:sfg3en
hún <NOT MAPPED>:fpven
heim <NOT MAPPED>:aa
á af
leið <NOT MAPPED>:nveþ
. <NOT MAPPED>:.

og <NOT MAPPED>:c
þá <NOT MAPPED>:aa
er <NOT MAPPED>:sfg3en
allt <NOT MAPPED>:fohen
breytt <NOT MAPPED>:sþghen
, <NOT MAPPED>:,
foreldrar <NOT MAPPED>:nkfn
hennar <NOT MAPPED>:fpvee
látnir <NOT MAPPED>:sþgkfn
og <NOT MAPPED>:c
bróðir <NOT MAPPED>:nken
hennar <NOT MAPPED>:fpvee
ristur <NOT MAPPED>:lkense <UNKNOWN>
rúnum <NOT MAPPED>:nvfþ
ára <NOT MAPPED>:nhfe
og <NOT MAPPED>:c
elli <NOT MAPPED>:nveþ
. <NOT MAPPED>:.

» <NOT MAPPED>:»
það <NOT MAPPED>:faheo
sem <NOT MAPPED>:ct
hún <NOT MAPPED>:fpven
hafði <NOT MAPPED>:sfg3eþ
talið <NOT MAPPED>:ssg
í af
mánuðum <NOT MAPPED>:nkfþ
höfðu <NOT MAPPED>:sfg3fþ
verið <NOT MAPPED>:ssg
ár <NOT MAPPED>:nhfn
. <NOT MAPPED>:.
« <NOT MAPPED>:«

Nokkru <NOT MAPPED>:foheþ
síðar <NOT MAPPED>:aam
andast <NOT MAPPED>:sfm3en
hún <NOT MAPPED>:fpven
sjálf <NOT MAPPED>:fbven
og <NOT MAPPED>:c
hverfur <NOT MAPPED>:sfg3en
þar <NOT MAPPED>:aa
með <NOT MAPPED>:aa
yfir <NOT MAPPED>:aa
á af
æðra <NOT MAPPED>:lheovm
tilverusvið <NOT MAPPED>:nheo <UNKNOWN>
. <NOT MAPPED>:.

Sagan <NOT MAPPED>:nveng
getur <NOT MAPPED>:sfg3en
því <NOT MAPPED>:aa
haldið <NOT MAPPED>:ssg
áfram <NOT MAPPED>:aa
. <NOT MAPPED>:.

Orðið <NOT MAPPED>:ssg
guðspeki <NOT MAPPED>:nven <UNKNOWN>
eða <NOT MAPPED>:c
teósófí <NOT MAPPED>:nhen <UNKNOWN>
kemur <NOT MAPPED>:sfg3en
ekki <NOT MAPPED>:aa
fyrir <NOT MAPPED>:aa
í af
bókinni <NOT MAPPED>:nveþg
, <NOT MAPPED>:,
að <NOT MAPPED>:c
mig <NOT MAPPED>:fp1eo
reki <NOT MAPPED>:svg3en
minni <NOT MAPPED>:lkenvm
til <NOT MAPPED>:aa
. <NOT MAPPED>:.

Fer <NOT MAPPED>:sfg3en
þó <NOT MAPPED>:aa
varla <NOT MAPPED>:aa
á <NOT MAPPED>:aa
milli af
mála <NOT MAPPED>:nhfe
að <NOT MAPPED>:c
áhrifa <NOT MAPPED>:nhfe
frá af
henni <NOT MAPPED>:fpveþ
gæti <NOT MAPPED>:svg3eþ
sterklega <NOT MAPPED>:aa
á af
síðum <NOT MAPPED>:nvfþ
bókarinnar <NOT MAPPED>:nveeg
. <NOT MAPPED>:.

Trúarleg <NOT MAPPED>:lhfnsf <UNKNOWN>
orð <NOT MAPPED>:nhfn
og <NOT MAPPED>:c
hugtök <NOT MAPPED>:nhfn
setja <NOT MAPPED>:sfg3fn
verulegan <NOT MAPPED>:lkeosf
svip <NOT MAPPED>:nkeo
á af
textann <NOT MAPPED>:nkeog
, <NOT MAPPED>:,
ljós <NOT MAPPED>:nheo
og <NOT MAPPED>:c
myrkur <NOT MAPPED>:nheo
, <NOT MAPPED>:,
svo <NOT MAPPED>:aa
dæmi <NOT MAPPED>:nhfn
séu <NOT MAPPED>:svg3fn
tekin <NOT MAPPED>:sþghfn
, <NOT MAPPED>:,
líka <NOT MAPPED>:nvfe
eldurinn <NOT MAPPED>:nkeng
, <NOT MAPPED>:,
samanber <NOT MAPPED>:nhfn <UNKNOWN>
titil <NOT MAPPED>:nkeo <UNKNOWN>
bókarinnar <NOT MAPPED>:nveeg
. <NOT MAPPED>:.

Hreinsunareldurinn <NOT MAPPED>:nkeng <UNKNOWN>
er <NOT MAPPED>:sfg3en
nefndur <NOT MAPPED>:sþgken
á af
einum <NOT MAPPED>:tfkeþ
stað <NOT MAPPED>:nkeþ
að af
minnsta <NOT MAPPED>:lkeþve
kosti <NOT MAPPED>:nkeþ
. <NOT MAPPED>:.

Söguefnið <NOT MAPPED>:nheng <UNKNOWN>
er <NOT MAPPED>:sfg3en
þá <NOT MAPPED>:aa
einungis <NOT MAPPED>:aa
farvegur <NOT MAPPED>:nken
sem <NOT MAPPED>:ct
höfundurinn <NOT MAPPED>:nkeng <UNKNOWN>
hefur <NOT MAPPED>:sfg3en
valið <NOT MAPPED>:ssg
sér <NOT MAPPED>:fpkeþ
til af
að <NOT MAPPED>:cn
koma <NOT MAPPED>:sng
hugðarefnum <NOT MAPPED>:nhfþ <UNKNOWN>
sínum <NOT MAPPED>:fehfþ
á af
framfæri <NOT MAPPED>:nheo
. <NOT MAPPED>:.

Undirritaður <NOT MAPPED>:sþgken
er <NOT MAPPED>:sfg3en
því <NOT MAPPED>:fpheþ
miður <NOT MAPPED>:aam
ekki <NOT MAPPED>:aa
nægilega <NOT MAPPED>:aa
vel <NOT MAPPED>:aa
upplýstur <NOT MAPPED>:sþgken
í af
áðurnefndri <NOT MAPPED>:lveþsf <UNKNOWN>
stefnu <NOT MAPPED>:nveþ
til af
að <NOT MAPPED>:cn
greina <NOT MAPPED>:sng
á <NOT MAPPED>:aa
milli af
þess <NOT MAPPED>:fahee
, <NOT MAPPED>:,
sem <NOT MAPPED>:ct
höfundur <NOT MAPPED>:nken
kann <NOT MAPPED>:sfg3en
að <NOT MAPPED>:cn
hafa <NOT MAPPED>:sng
frá af
fylgjendum <NOT MAPPED>:nkfþ <UNKNOWN>
hennar <NOT MAPPED>:fpvee
, <NOT MAPPED>:,
og <NOT MAPPED>:c
hins <NOT MAPPED>:fakee
, <NOT MAPPED>:,
sem <NOT MAPPED>:ct
hann <NOT MAPPED>:fpken
dregur <NOT MAPPED>:sfg3en
fram <NOT MAPPED>:aa
úr af
eigin <NOT MAPPED>:lheþof
hugskoti <NOT MAPPED>:nheþ
. <NOT MAPPED>:.

En <NOT MAPPED>:c
textinn <NOT MAPPED>:nkeng
er <NOT MAPPED>:sfg3en
samfelldur <NOT MAPPED>:lkensf
og <NOT MAPPED>:c
hvarvetna <NOT MAPPED>:aa
sjálfum <NOT MAPPED>:fbkeþ
sér <NOT MAPPED>:fpkeþ
samkvæmur <NOT MAPPED>:lkensf <UNKNOWN>
, <NOT MAPPED>:,
byggður <NOT MAPPED>:sþgken
upp <NOT MAPPED>:aa
sem <NOT MAPPED>:c
rökrétt <NOT MAPPED>:lvensf
heild <NOT MAPPED>:nven
og <NOT MAPPED>:c
heimur <NOT MAPPED>:nken
út <NOT MAPPED>:aa
af <NOT MAPPED>:aa
fyrir af
sig <NOT MAPPED>:fpkeo
. <NOT MAPPED>:.

En <NOT MAPPED>:c
hvaða <NOT MAPPED>:fsken
heimur <NOT MAPPED>:nken
? <NOT MAPPED>:?

» <NOT MAPPED>:»
tveir <NOT MAPPED>:tfkfn
eru <NOT MAPPED>:sfg3fn
heimar <NOT MAPPED>:nkfn <UNKNOWN>
harla <NOT MAPPED>:aa
ólíkir <NOT MAPPED>:lkfnsf
, <NOT MAPPED>:,
« <NOT MAPPED>:«
orti <NOT MAPPED>:sfg3eþ
Grímur <NOT MAPPED>:nken-s
. <NOT MAPPED>:.

Það <NOT MAPPED>:fphen
er <NOT MAPPED>:sfg3en
hinn <NOT MAPPED>:gken
andlegi <NOT MAPPED>:lkenvf
heimur <NOT MAPPED>:nken
, <NOT MAPPED>:,
heimur <NOT MAPPED>:nken
tilfinningalífsins <NOT MAPPED>:nheeg <UNKNOWN>
og <NOT MAPPED>:c
dulspekinnar <NOT MAPPED>:nkfn <UNKNOWN>
og <NOT MAPPED>:c
sannleikur <NOT MAPPED>:nken
sá <NOT MAPPED>:sfg3eþ
, <NOT MAPPED>:,
sem <NOT MAPPED>:ct
sú <NOT MAPPED>:faven
veröld <NOT MAPPED>:nven
býr <NOT MAPPED>:sfg3en
yfir <NOT MAPPED>:aa
, <NOT MAPPED>:,
sem <NOT MAPPED>:ct
tekin <NOT MAPPED>:sþgven
er <NOT MAPPED>:sfg3en
til af
skoðunar <NOT MAPPED>:nvee
í af
þessari <NOT MAPPED>:faveþ
bók <NOT MAPPED>:nveþ
. <NOT MAPPED>:.

Höfundurinn <NOT MAPPED>:nkeng <UNKNOWN>
er <NOT MAPPED>:sfg3en
þó <NOT MAPPED>:aa
ekki <NOT MAPPED>:aa
að <NOT MAPPED>:cn
boða <NOT MAPPED>:sng
neina <NOT MAPPED>:foveo
trú <NOT MAPPED>:nveo
, <NOT MAPPED>:,
fjarri af
því <NOT MAPPED>:fpheþ
. <NOT MAPPED>:.

Textinn <NOT MAPPED>:nkeng
er <NOT MAPPED>:sfg3en
byggður <NOT MAPPED>:sþgken
upp <NOT MAPPED>:aa
af af
íhugun <NOT MAPPED>:nveþ
og <NOT MAPPED>:c
reynslu <NOT MAPPED>:nveþ
sem <NOT MAPPED>:ct
hlýtur <NOT MAPPED>:sfg3en
að <NOT MAPPED>:cn
teljast <NOT MAPPED>:snm
sértæk <NOT MAPPED>:lvensf <UNKNOWN>
fremur <NOT MAPPED>:aam
en <NOT MAPPED>:c
almenn <NOT MAPPED>:lvensf
. <NOT MAPPED>:.

Siðferðisboðskap <NOT MAPPED>:nkeþ <UNKNOWN>
kristninnar <NOT MAPPED>:nveeg <UNKNOWN>
og <NOT MAPPED>:c
vafalaust <NOT MAPPED>:aa
annarra <NOT MAPPED>:fohfe
trúarbragða <NOT MAPPED>:nhfe <UNKNOWN>
- <NOT MAPPED>:-
að <NOT MAPPED>:c
maðurinn <NOT MAPPED>:nkeng
skuli <NOT MAPPED>:svg3en
ekki <NOT MAPPED>:aa
sækjast <NOT MAPPED>:snm
eftir af
því <NOT MAPPED>:faheþ
sem <NOT MAPPED>:ct
mölur <NOT MAPPED>:nken
og <NOT MAPPED>:c
ryð <NOT MAPPED>:nhen <UNKNOWN>
fær <NOT MAPPED>:sfg3en
grandað <NOT MAPPED>:ssg
, <NOT MAPPED>:,
hvorki <NOT MAPPED>:c
fé <NOT MAPPED>:nhen
né <NOT MAPPED>:c
frama <NOT MAPPED>:nkfe
, <NOT MAPPED>:,
en <NOT MAPPED>:c
rækta <NOT MAPPED>:sng
hugarfar <NOT MAPPED>:nheo <UNKNOWN>
sitt <NOT MAPPED>:feheo
- <NOT MAPPED>:-
er <NOT MAPPED>:sfg3en
skýrt <NOT MAPPED>:aa
og <NOT MAPPED>:c
skorinort <NOT MAPPED>:nhfo <UNKNOWN>
komið <NOT MAPPED>:sfg2fn
á af
framfæri <NOT MAPPED>:nheo
. <NOT MAPPED>:.

Þeim <NOT MAPPED>:fphfþ
, <NOT MAPPED>:,
sem <NOT MAPPED>:ct
engu <NOT MAPPED>:foheþ
trúa <NOT MAPPED>:sfg3fn
nema <NOT MAPPED>:c
því <NOT MAPPED>:faheþ
sem <NOT MAPPED>:ct
þeir <NOT MAPPED>:fpkfn
geti <NOT MAPPED>:svg3fn
þreifað <NOT MAPPED>:ssg
á <NOT MAPPED>:aa
, <NOT MAPPED>:,
bendir <NOT MAPPED>:sfg3en
höfundur <NOT MAPPED>:nken
á af
börnin <NOT MAPPED>:nhfog
. <NOT MAPPED>:.

Ekki <NOT MAPPED>:aa
hætti <NOT MAPPED>:svg3fn
þau <NOT MAPPED>:fphfn
að <NOT MAPPED>:cn
trúa <NOT MAPPED>:sng
á af
tilvist <NOT MAPPED>:nveo
stjarnanna <NOT MAPPED>:nvfeg
þó <NOT MAPPED>:aa
svo <NOT MAPPED>:aa
vilji <NOT MAPPED>:svg1en
til <NOT MAPPED>:aa
að <NOT MAPPED>:c
þær <NOT MAPPED>:fpvfn
feli <NOT MAPPED>:svg3fn
sig <NOT MAPPED>:fpvfo
á af
bak <NOT MAPPED>:nheo
við af
skýjahulu <NOT MAPPED>:nveo <UNKNOWN>
. <NOT MAPPED>:.

Reynslusvið <NOT MAPPED>:nhen <UNKNOWN>
mannsins <NOT MAPPED>:nkeeg
sé <NOT MAPPED>:svg3en
víðtækara <NOT MAPPED>:lhenvm
en <NOT MAPPED>:c
það <NOT MAPPED>:fahen
sem <NOT MAPPED>:ct
einungis <NOT MAPPED>:aa
taki <NOT MAPPED>:nheþ
til af
hins <NOT MAPPED>:fakee
sýnilega <NOT MAPPED>:aa
og <NOT MAPPED>:c
áþreifanlega <NOT MAPPED>:aa
, <NOT MAPPED>:,
efnisheimsins <NOT MAPPED>:nkeeg
. <NOT MAPPED>:.

Sá <NOT MAPPED>:faken
er <NOT MAPPED>:sfg3en
í af
fáum <NOT MAPPED>:lhfþsf
orðum <NOT MAPPED>:nhfþ
sagt <NOT MAPPED>:sþghen
boðskapur <NOT MAPPED>:nken
þessarar <NOT MAPPED>:favee
bókar <NOT MAPPED>:nvee
. <NOT MAPPED>:.

Eins <NOT MAPPED>:aa
og <NOT MAPPED>:c
almennt <NOT MAPPED>:aa
er <NOT MAPPED>:sfg3en
vitað <NOT MAPPED>:sþghen
, <NOT MAPPED>:,
hafa <NOT MAPPED>:sfg3fn
þorpin <NOT MAPPED>:nhfng
í <NOT MAPPED>:aa
kringum af
landið <NOT MAPPED>:nheog
byggst <NOT MAPPED>:ssm
upp <NOT MAPPED>:aa
að af
mestu <NOT MAPPED>:lheþse
leyti <NOT MAPPED>:nheþ
vegna af
þess <NOT MAPPED>:fphee
sem <NOT MAPPED>:ct
hafið <NOT MAPPED>:sfg2fn
hefur <NOT MAPPED>:sfg3en
gefið <NOT MAPPED>:ssg
. <NOT MAPPED>:.

Sagt <NOT MAPPED>:sþghen
var <NOT MAPPED>:sfg3eþ
forðum <NOT MAPPED>:aa
um af
góðar <NOT MAPPED>:lvfosf
jarðir <NOT MAPPED>:nvfo
sem <NOT MAPPED>:ct
höfðu <NOT MAPPED>:sfg3fþ
útvegsnytjar <NOT MAPPED>:nvfo <UNKNOWN>
, <NOT MAPPED>:,
að <NOT MAPPED>:c
þær <NOT MAPPED>:fpvfn
væru <NOT MAPPED>:svg3fþ
hálfar <NOT MAPPED>:lvfnsf <UNKNOWN>
í af
sjó <NOT MAPPED>:nkeþ
. <NOT MAPPED>:.

Það <NOT MAPPED>:fphen
þýddi <NOT MAPPED>:sfg3eþ
að <NOT MAPPED>:c
bjargræðið <NOT MAPPED>:nheng
kom <NOT MAPPED>:sfg3eþ
að af
hálfu <NOT MAPPED>:nveþ
úr af
sjónum <NOT MAPPED>:nkeþg
. <NOT MAPPED>:.

Í af
þeim <NOT MAPPED>:fakeþ
skilningi <NOT MAPPED>:nkeþ
hefur <NOT MAPPED>:sfg3en
líka <NOT MAPPED>:aa
löngum <NOT MAPPED>:aa
mátt <NOT MAPPED>:sfg3en
segja <NOT MAPPED>:sng
að <NOT MAPPED>:c
landsbyggðarþorpin <NOT MAPPED>:nhfng <UNKNOWN>
væru <NOT MAPPED>:svg3fþ
að af
heilu <NOT MAPPED>:lheþsf
og <NOT MAPPED>:c
hálfu <NOT MAPPED>:nveþ
í af
sjó <NOT MAPPED>:nkeþ
. <NOT MAPPED>:.

Fólkið <NOT MAPPED>:nheng
flutti <NOT MAPPED>:sfg3eþ
úr af
sveitunum <NOT MAPPED>:nvfþg
og <NOT MAPPED>:c
skapaði <NOT MAPPED>:sfg3eþ
sjávarbyggðirnar <NOT MAPPED>:nvfog <UNKNOWN>
og <NOT MAPPED>:c
sjórinn <NOT MAPPED>:nkeng
gaf <NOT MAPPED>:sfg3eþ
. <NOT MAPPED>:.

Þjóðin <NOT MAPPED>:nveng
háði <NOT MAPPED>:sfg3eþ
landhelgisstríð <NOT MAPPED>:nheo <UNKNOWN>
til af
að <NOT MAPPED>:cn
tryggja <NOT MAPPED>:sng
rétt <NOT MAPPED>:aa
sinn <NOT MAPPED>:fekeo
yfir af
auðlindinni <NOT MAPPED>:nveþg
og <NOT MAPPED>:c
trúði <NOT MAPPED>:sfg3eþ
því <NOT MAPPED>:fpheþ
að <NOT MAPPED>:c
um af
alla <NOT MAPPED>:foveo
framtíð <NOT MAPPED>:nveo
myndi <NOT MAPPED>:svg3eþ
sú <NOT MAPPED>:faven
barátta <NOT MAPPED>:nven
skila <NOT MAPPED>:sng
sér <NOT MAPPED>:fpveþ
vel <NOT MAPPED>:aa
fyrir af
heildarhagsmuni <NOT MAPPED>:nkfo <UNKNOWN>
íslensks <NOT MAPPED>:lheesf
mannlífs <NOT MAPPED>:nhee <UNKNOWN>
. <NOT MAPPED>:.

En <NOT MAPPED>:c
svo <NOT MAPPED>:aa
komu <NOT MAPPED>:sfg3fþ
sérhagsmunaöflin <NOT MAPPED>:nhfng <UNKNOWN>
til af
skjalanna <NOT MAPPED>:nhfeg
, <NOT MAPPED>:,
íslenskir <NOT MAPPED>:lkfnsf
hákarlar <NOT MAPPED>:nkfn <UNKNOWN>
sem <NOT MAPPED>:ct
vildu <NOT MAPPED>:sfg3fþ
ekki <NOT MAPPED>:aa
vera <NOT MAPPED>:sng
í af
neinu <NOT MAPPED>:foheþ
kompaníi <NOT MAPPED>:nheþ <UNKNOWN>
við af
smáfólkið <NOT MAPPED>:nheog <UNKNOWN>
, <NOT MAPPED>:,
sardínurnar <NOT MAPPED>:nvfog
í af
landinu <NOT MAPPED>:nheþg
. <NOT MAPPED>:.

Og <NOT MAPPED>:c
það <NOT MAPPED>:fphen
vantaði <NOT MAPPED>:sfg3eþ
ekki <NOT MAPPED>:aa
að <NOT MAPPED>:c
sumir <NOT MAPPED>:fokfn
í af
pólitíkinni <NOT MAPPED>:nveþg
væru <NOT MAPPED>:svg3fþ
reiðubúnir <NOT MAPPED>:lkfnsf
til af
að <NOT MAPPED>:cn
vinna <NOT MAPPED>:sng
að af
því <NOT MAPPED>:fpheþ
að <NOT MAPPED>:c
sardínurnar <NOT MAPPED>:nvfng
yrðu <NOT MAPPED>:svg3fþ
ætislausar <NOT MAPPED>:lvfnsf <UNKNOWN>
með af
öllu <NOT MAPPED>:foheþ
. <NOT MAPPED>:.

Aðeins <NOT MAPPED>:aa
hákarlarnir <NOT MAPPED>:nkfng <UNKNOWN>
skyldu <NOT MAPPED>:svg3fþ
fá <NOT MAPPED>:sng
að <NOT MAPPED>:cn
éta <NOT MAPPED>:sng
og <NOT MAPPED>:c
það <NOT MAPPED>:fphen
eins <NOT MAPPED>:aa
og <NOT MAPPED>:c
þeim <NOT MAPPED>:fphfþ
sýndist <NOT MAPPED>:sfm3eþ
. <NOT MAPPED>:.

Og <NOT MAPPED>:c
brátt <NOT MAPPED>:aa
sá <NOT MAPPED>:faken
þjóðin <NOT MAPPED>:nveng
að <NOT MAPPED>:c
allur <NOT MAPPED>:foken
ávinningur <NOT MAPPED>:nken
af af
landhelgisbaráttunni <NOT MAPPED>:nveþg <UNKNOWN>
var <NOT MAPPED>:sfg3eþ
afhentur <NOT MAPPED>:lkensf <UNKNOWN>
sérútvalinni <NOT MAPPED>:lveþsf <UNKNOWN>
auðklíku <NOT MAPPED>:nveþ <UNKNOWN>
og <NOT MAPPED>:c
Kölski <NOT MAPPED>:nkeþ-s <UNKNOWN>
sjálfur <NOT MAPPED>:fbken
hefði <NOT MAPPED>:svg3eþ
ekki <NOT MAPPED>:aa
getað <NOT MAPPED>:ssg
farið <NOT MAPPED>:ssg
betur <NOT MAPPED>:aam
eftir af
eigin <NOT MAPPED>:lvfþof
forskriftum <NOT MAPPED>:nvfþ
. <NOT MAPPED>:.

Kvótakerfið <NOT MAPPED>:nheng <UNKNOWN>
er <NOT MAPPED>:sfg3en
nefnilega <NOT MAPPED>:aa
eins <NOT MAPPED>:aa
og <NOT MAPPED>:c
skapað <NOT MAPPED>:sþghen
eftir af
hans <NOT MAPPED>:fpkee
stjórnarháttum <NOT MAPPED>:nkfþ <UNKNOWN>
; <NOT MAPPED>:;
allir <NOT MAPPED>:fokfn
í af
stríði <NOT MAPPED>:nheþ
við af
alla <NOT MAPPED>:foveo
, <NOT MAPPED>:,
sundrung <NOT MAPPED>:nven
, <NOT MAPPED>:,
svínarí <NOT MAPPED>:nhen <UNKNOWN>
, <NOT MAPPED>:,
spilling <NOT MAPPED>:nven
, <NOT MAPPED>:,
ósætti <NOT MAPPED>:nhen
og <NOT MAPPED>:c
hatur <NOT MAPPED>:nhen
. <NOT MAPPED>:.

Allt <NOT MAPPED>:fohen
sem <NOT MAPPED>:ct
ein <NOT MAPPED>:tfven
lítil <NOT MAPPED>:lvensf
þjóð <NOT MAPPED>:nven
hefur <NOT MAPPED>:sfg3en
síst <NOT MAPPED>:aae
af af
öllu <NOT MAPPED>:foheþ
efni <NOT MAPPED>:nheþ
á <NOT MAPPED>:aa
og <NOT MAPPED>:c
þarf <NOT MAPPED>:sfg3en
að <NOT MAPPED>:cn
vera <NOT MAPPED>:sng
sem <NOT MAPPED>:aa
mest <NOT MAPPED>:aae
laus <NOT MAPPED>:lvensf
við <NOT MAPPED>:aa
. <NOT MAPPED>:.

Og <NOT MAPPED>:c
nú <NOT MAPPED>:aa
er <NOT MAPPED>:sfg3en
svo <NOT MAPPED>:aa
komið <NOT MAPPED>:sþghen
að <NOT MAPPED>:c
sumir <NOT MAPPED>:fokfn
óska <NOT MAPPED>:sfg3fn
þess <NOT MAPPED>:fphee
heitt <NOT MAPPED>:lhensf
og <NOT MAPPED>:c
innilega <NOT MAPPED>:aa
að <NOT MAPPED>:c
erlendir <NOT MAPPED>:lkfnsf
hákarlar <NOT MAPPED>:nkfn <UNKNOWN>
komi <NOT MAPPED>:svg3fn
og <NOT MAPPED>:c
éti <NOT MAPPED>:svg3fn
innlendu <NOT MAPPED>:lkfovf
hákarlana <NOT MAPPED>:nkfog <UNKNOWN>
upp <NOT MAPPED>:aa
til af
agna <NOT MAPPED>:nvfe
með af
skráp <NOT MAPPED>:nkeþ <UNKNOWN>
og <NOT MAPPED>:c
öllu <NOT MAPPED>:foheþ
saman <NOT MAPPED>:aa
. <NOT MAPPED>:.

Það <NOT MAPPED>:fphen
er <NOT MAPPED>:sfg3en
eina <NOT MAPPED>:lvenvf
huggunin <NOT MAPPED>:nveng <UNKNOWN>
sem <NOT MAPPED>:ct
menn <NOT MAPPED>:nkfn
telja <NOT MAPPED>:sfg3fn
sig <NOT MAPPED>:fpkfo
eiga <NOT MAPPED>:sng
möguleika <NOT MAPPED>:nkfo
á <NOT MAPPED>:aa
héðan <NOT MAPPED>:aa
af <NOT MAPPED>:aa
. <NOT MAPPED>:.

Það <NOT MAPPED>:fphen
er <NOT MAPPED>:sfg3en
búið <NOT MAPPED>:lhensf
að <NOT MAPPED>:cn
skapa <NOT MAPPED>:sng
tvær <NOT MAPPED>:tfvfo
þjóðir <NOT MAPPED>:nvfo
í af
landinu <NOT MAPPED>:nheþg
með af
hyldýpisgjá <NOT MAPPED>:nveþ
misskiptingar <NOT MAPPED>:nvee <UNKNOWN>
. <NOT MAPPED>:.

Þjóðleg <NOT MAPPED>:lvensf
afstaða <NOT MAPPED>:nven
virðist <NOT MAPPED>:sfm3en
ekki <NOT MAPPED>:aa
lengur <NOT MAPPED>:aam
til <NOT MAPPED>:aa
. <NOT MAPPED>:.

Henni <NOT MAPPED>:fpveþ
hefur <NOT MAPPED>:sfg3en
trúlega <NOT MAPPED>:aa
verið <NOT MAPPED>:ssg
sturtað <NOT MAPPED>:sþghen <UNKNOWN>
niður <NOT MAPPED>:aa
í af
ræsið <NOT MAPPED>:nheog
með af
tilkomu <NOT MAPPED>:nveþ
frjálshyggjunnar <NOT MAPPED>:nveeg <UNKNOWN>
og <NOT MAPPED>:c
yfirgengilegrar <NOT MAPPED>:lveesf <UNKNOWN>
græðgi <NOT MAPPED>:nveþ
sérhagsmunaaflanna <NOT MAPPED>:nhfeg <UNKNOWN>
- <NOT MAPPED>:-
á af
kostnað <NOT MAPPED>:nkeo
alþjóðar <NOT MAPPED>:nvee <UNKNOWN>
! <NOT MAPPED>:!

Og <NOT MAPPED>:c
nú <NOT MAPPED>:aa
flýtur <NOT MAPPED>:sfg3en
allt <NOT MAPPED>:fohen
fyrir af
blindum <NOT MAPPED>:lhfþsf
augum <NOT MAPPED>:nhfþ
að af
þjóðlegum <NOT MAPPED>:lkeþsf
feigðarósi <NOT MAPPED>:nkeþ
, <NOT MAPPED>:,
meðan <NOT MAPPED>:c
auðmennirnir <NOT MAPPED>:nkfng <UNKNOWN>
hamast <NOT MAPPED>:sfm3fn
við af
að <NOT MAPPED>:cn
flytja <NOT MAPPED>:sng
illa <NOT MAPPED>:aa
fengið <NOT MAPPED>:ssg
fé <NOT MAPPED>:nheo
úr af
landi <NOT MAPPED>:nheþ
í af
fjárfestingar <NOT MAPPED>:nvee
erlendis <NOT MAPPED>:aa
. <NOT MAPPED>:.

Og <NOT MAPPED>:c
hin <NOT MAPPED>:ghfn
yfirlýstu <NOT MAPPED>:lhfnve
stjórnvöld <NOT MAPPED>:nhfn
eru <NOT MAPPED>:sfg3fn
að <NOT MAPPED>:cn
verða <NOT MAPPED>:sng
valdalaus <NOT MAPPED>:lhfnsf <UNKNOWN>
í af
landinu <NOT MAPPED>:nheþg
. <NOT MAPPED>:.

Bankarnir <NOT MAPPED>:nkfng <UNKNOWN>
sem <NOT MAPPED>:ct
voru <NOT MAPPED>:sfg3fþ
eign <NOT MAPPED>:nven
fólksins <NOT MAPPED>:nheeg
í af
landinu <NOT MAPPED>:nheþg
skiluðu <NOT MAPPED>:sfg3fþ
svo <NOT MAPPED>:aa
miklum <NOT MAPPED>:lkeþsf
hagnaði <NOT MAPPED>:nkeþ
að <NOT MAPPED>:c
það <NOT MAPPED>:fphen
varð <NOT MAPPED>:sfg3eþ
að <NOT MAPPED>:cn
selja <NOT MAPPED>:sng
þá <NOT MAPPED>:aa
á af
tombóluverði <NOT MAPPED>:nheþ <UNKNOWN>
til af
hákarlanna <NOT MAPPED>:nkfeg <UNKNOWN>
, <NOT MAPPED>:,
svo <NOT MAPPED>:aa
það <NOT MAPPED>:fphen
væri <NOT MAPPED>:svg3eþ
nú <NOT MAPPED>:aa
öruggt <NOT MAPPED>:lhensf
að <NOT MAPPED>:c
ágóðinn <NOT MAPPED>:nkeng
lenti <NOT MAPPED>:sfg3eþ
ekki <NOT MAPPED>:aa
í af
röngum <NOT MAPPED>:lvfþsf <UNKNOWN>
höndum <NOT MAPPED>:nvfþ
. <NOT MAPPED>:.

Og <NOT MAPPED>:c
fyrir af
vikið <NOT MAPPED>:nheog
eru <NOT MAPPED>:sfg3fn
stjórnmálamennirnir <NOT MAPPED>:nkfng
að <NOT MAPPED>:cn
verða <NOT MAPPED>:sng
áhrifalausir <NOT MAPPED>:lkfnsf <UNKNOWN>
með af
öllu <NOT MAPPED>:foheþ
og <NOT MAPPED>:c
fólk <NOT MAPPED>:nhen
man <NOT MAPPED>:sfg3en
ekki <NOT MAPPED>:aa
einu <NOT MAPPED>:foheþ
sinni <NOT MAPPED>:nheþ
lengur <NOT MAPPED>:aam
hvað <NOT MAPPED>:fsheo
ráðherrarnir <NOT MAPPED>:nkfng
heita <NOT MAPPED>:sfg3fn
. <NOT MAPPED>:.

Svo <NOT MAPPED>:aa
miklir <NOT MAPPED>:lkfnsf
ómerkingar <NOT MAPPED>:nkfn <UNKNOWN>
eru <NOT MAPPED>:sfg3fn
þeir <NOT MAPPED>:fpkfn
orðnir <NOT MAPPED>:sþgkfn
í af
augum <NOT MAPPED>:nhfþ
landslýðsins <NOT MAPPED>:nkeeg <UNKNOWN>
. <NOT MAPPED>:.

Og <NOT MAPPED>:c
sumir <NOT MAPPED>:fokfn
segja <NOT MAPPED>:sfg3fn
að <NOT MAPPED>:c
það <NOT MAPPED>:fphen
skipti <NOT MAPPED>:sfg3eþ
engu <NOT MAPPED>:foheþ
með af
alþingi <NOT MAPPED>:nheþ <UNKNOWN>
og <NOT MAPPED>:c
ríkisstjórn <NOT MAPPED>:nveþ
lengur <NOT MAPPED>:aam
, <NOT MAPPED>:,
þar <NOT MAPPED>:aa
sé <NOT MAPPED>:svg3en
hvort <NOT MAPPED>:c
sem <NOT MAPPED>:c
er <NOT MAPPED>:sfg3en
allt <NOT MAPPED>:fohen
að <NOT MAPPED>:cn
fyllast <NOT MAPPED>:snm
af af
kvenfólki <NOT MAPPED>:nheþ
og <NOT MAPPED>:c
því <NOT MAPPED>:fpheþ
hið <NOT MAPPED>:ghen
besta <NOT MAPPED>:lhenve
mál <NOT MAPPED>:nhen
að <NOT MAPPED>:cn
færa <NOT MAPPED>:sng
völdin <NOT MAPPED>:nhfog
út <NOT MAPPED>:aa
í af
viðskiptalífið <NOT MAPPED>:nheog <UNKNOWN>
þar <NOT MAPPED>:aa
sem <NOT MAPPED>:c
( <NOT MAPPED>:(
há <NOT MAPPED>:lvensf
) <NOT MAPPED>:)
karlarnir <NOT MAPPED>:nkfng
ráði <NOT MAPPED>:svg3fn
enn <NOT MAPPED>:aa
öllu <NOT MAPPED>:foheþ
! <NOT MAPPED>:!

Þeir <NOT MAPPED>:fpkfn
sem <NOT MAPPED>:ct
tala <NOT MAPPED>:sfg3fn
þannig <NOT MAPPED>:aa
virðast <NOT MAPPED>:sfm3fn
fæddir <NOT MAPPED>:lkfnsf <UNKNOWN>
á af
forsögulegum <NOT MAPPED>:lkfþsf <UNKNOWN>
tímum <NOT MAPPED>:nkfþ
, <NOT MAPPED>:,
að af
minnsta <NOT MAPPED>:lkeþve
kosti <NOT MAPPED>:nkeþ
löngu <NOT MAPPED>:lheþsf
áður <NOT MAPPED>:aa
en <NOT MAPPED>:c
jafnréttishugsjónir <NOT MAPPED>:nvfn <UNKNOWN>
fóru <NOT MAPPED>:sfg3fþ
að <NOT MAPPED>:cn
vinna <NOT MAPPED>:sng
sér <NOT MAPPED>:fpvfþ
veg <NOT MAPPED>:nkeo
. <NOT MAPPED>:.

Er <NOT MAPPED>:sfg3en
ekki <NOT MAPPED>:aa
kominn <NOT MAPPED>:sþgken
tími <NOT MAPPED>:nken
til <NOT MAPPED>:aa
að <NOT MAPPED>:c
fólkið <NOT MAPPED>:nheng
í af
landinu <NOT MAPPED>:nheþg
vakni <NOT MAPPED>:svg3en
af af
andvaraleysinu <NOT MAPPED>:nveþ <UNKNOWN>
svo <NOT MAPPED>:aa
að <NOT MAPPED>:c
það <NOT MAPPED>:fphen
sjái <NOT MAPPED>:svg3en
í af
alvöru <NOT MAPPED>:nveþ
hvernig <NOT MAPPED>:aa
búið <NOT MAPPED>:lhensf
er <NOT MAPPED>:sfg3en
að <NOT MAPPED>:cn
fara <NOT MAPPED>:sng
með af
það <NOT MAPPED>:fpheo
og <NOT MAPPED>:c
sameiginlegar <NOT MAPPED>:lvfosf <UNKNOWN>
eignir <NOT MAPPED>:nvfo
þess <NOT MAPPED>:fphee
. <NOT MAPPED>:.

Þetta <NOT MAPPED>:fahen
þjóðfélag <NOT MAPPED>:nhen
sem <NOT MAPPED>:ct
var <NOT MAPPED>:sfg3eþ
byggt <NOT MAPPED>:sþghen
upp <NOT MAPPED>:aa
til af
velferðar <NOT MAPPED>:nvee
í af
krafti <NOT MAPPED>:nkeþ
félagshyggju <NOT MAPPED>:nvee <UNKNOWN>
á af
árum <NOT MAPPED>:nhfþ
áður <NOT MAPPED>:aa
, <NOT MAPPED>:,
er <NOT MAPPED>:sfg3en
nefnilega <NOT MAPPED>:aa
á af
fullri <NOT MAPPED>:lveþsf
ferð <NOT MAPPED>:nveþ
með af
að <NOT MAPPED>:cn
verða <NOT MAPPED>:sng
afskræming <NOT MAPPED>:nven <UNKNOWN>
þess <NOT MAPPED>:fahee
sem <NOT MAPPED>:ct
það <NOT MAPPED>:fphen
var <NOT MAPPED>:sfg3eþ
. <NOT MAPPED>:.

Það <NOT MAPPED>:fphen
er <NOT MAPPED>:sfg3en
að <NOT MAPPED>:cn
verða <NOT MAPPED>:sng
leikvöllur <NOT MAPPED>:nken <UNKNOWN>
samviskulausra <NOT MAPPED>:lkfesf <UNKNOWN>
fjárhættuspilara <NOT MAPPED>:nkfe
sem <NOT MAPPED>:ct
varpa <NOT MAPPED>:sfg3fn
á <NOT MAPPED>:aa
milli af
sín <NOT MAPPED>:fpkfe
fjöreggi <NOT MAPPED>:nheþ <UNKNOWN>
þjóðarinnar <NOT MAPPED>:nveeg
af af
fullkomnu <NOT MAPPED>:lheþsf
ábyrgðarleysi <NOT MAPPED>:nheþ
og <NOT MAPPED>:c
að af
því <NOT MAPPED>:fpheþ
er <NOT MAPPED>:ct
virðist <NOT MAPPED>:sfm3en
með af
þegjandi <NOT MAPPED>:lheþof
samþykki <NOT MAPPED>:nheþ
stjórnvalda <NOT MAPPED>:nhfe
. <NOT MAPPED>:.

Snúum <NOT MAPPED>:sfg1fn
þessari <NOT MAPPED>:faveþ
óheillaþróun <NOT MAPPED>:nveþ
við <NOT MAPPED>:fp1fn
áður <NOT MAPPED>:aa
en <NOT MAPPED>:c
hún <NOT MAPPED>:fpven
gerir <NOT MAPPED>:sfg3en
endanlega <NOT MAPPED>:aa
út <NOT MAPPED>:aa
af <NOT MAPPED>:aa
við af
siðvitund <NOT MAPPED>:nveo <UNKNOWN>
okkar <NOT MAPPED>:fp1fe
og <NOT MAPPED>:c
sjálfstæði <NOT MAPPED>:nheo
. <NOT MAPPED>:.

Rúnar <NOT MAPPED>:nken-s
Kristjánsson <NOT MAPPED>:nken-s
, <NOT MAPPED>:,
Bogabraut <NOT MAPPED>:nveo-s <UNKNOWN>
21 <NOT MAPPED>:ta
, <NOT MAPPED>:,
545 <NOT MAPPED>:ta <UNKNOWN>
Skagaströnd <NOT MAPPED>:nveþ-s
. <NOT MAPPED>:.

undirrituðum <NOT MAPPED>:sfg1fþ <UNKNOWN>
var <NOT MAPPED>:sfg3eþ
brugðið <NOT MAPPED>:sþghen
við af
lestur <NOT MAPPED>:nkeo
tímarits <NOT MAPPED>:nhee
Morgunblaðsins <NOT MAPPED>:nheegs
sunnudaginn <NOT MAPPED>:nkeog
28. <NOT MAPPED>:ta
desember <NOT MAPPED>:nkeo
síðastliðinn <NOT MAPPED>:lkensf
. <NOT MAPPED>:.

Ég <NOT MAPPED>:fp1en
var <NOT MAPPED>:sfg1eþ
eðlilega <NOT MAPPED>:aa
í af
jólaskapi <NOT MAPPED>:nheþ <UNKNOWN>
, <NOT MAPPED>:,
hafði <NOT MAPPED>:sfg1eþ
fagnað <NOT MAPPED>:ssg
því <NOT MAPPED>:fpheþ
að <NOT MAPPED>:c
hið <NOT MAPPED>:ghen
skærasta <NOT MAPPED>:lhenve <UNKNOWN>
ljós <NOT MAPPED>:nhen
var <NOT MAPPED>:sfg3eþ
komið <NOT MAPPED>:sþghen
í af
heiminn <NOT MAPPED>:nkeog
eða <NOT MAPPED>:c
eins <NOT MAPPED>:aa
og <NOT MAPPED>:c
segir <NOT MAPPED>:sfg3en
í af
jólaguðspjalli <NOT MAPPED>:nheþ <UNKNOWN>
Jóhannesar <NOT MAPPED>:nkee-s
: <NOT MAPPED>::

» <NOT MAPPED>:»
hið <NOT MAPPED>:ghen
sanna <NOT MAPPED>:lvenvf
ljós <NOT MAPPED>:nhen
sem <NOT MAPPED>:ct
upplýsir <NOT MAPPED>:sfg3en
hvern <NOT MAPPED>:fokeo
mann <NOT MAPPED>:nkeo
, <NOT MAPPED>:,
var <NOT MAPPED>:sfg3eþ
að <NOT MAPPED>:cn
koma <NOT MAPPED>:sng
í af
heiminn <NOT MAPPED>:nkeog
. <NOT MAPPED>:.
« <NOT MAPPED>:«

Ég <NOT MAPPED>:fp1en
var <NOT MAPPED>:sfg1eþ
að <NOT MAPPED>:cn
hugsa <NOT MAPPED>:sng
til af
jólahaldsins <NOT MAPPED>:nheeg <UNKNOWN>
í af
okkar <NOT MAPPED>:fp1fe
fögru <NOT MAPPED>:lveþvf
kirkju <NOT MAPPED>:nveþ
, <NOT MAPPED>:,
» <NOT MAPPED>:»
musteri <NOT MAPPED>:nhen
Guðs <NOT MAPPED>:nkee-s
« <NOT MAPPED>:«
. <NOT MAPPED>:.

Ég <NOT MAPPED>:fp1en
hugsaði <NOT MAPPED>:sfg1eþ
til af
þess <NOT MAPPED>:fphee
hve <NOT MAPPED>:aa
margir <NOT MAPPED>:lkfnsf
hefðu <NOT MAPPED>:svg3fþ
tekið <NOT MAPPED>:ssg
þátt <NOT MAPPED>:nkeo
í af
helgihaldi <NOT MAPPED>:nheþ <UNKNOWN>
kirkjunnar <NOT MAPPED>:nveeg
. <NOT MAPPED>:.

Ljóst <NOT MAPPED>:lhensf
er <NOT MAPPED>:sfg3en
að <NOT MAPPED>:c
um af
tuttugu <NOT MAPPED>:tfhfo
þúsund <NOT MAPPED>:tfvfo
hafa <NOT MAPPED>:sfg3fn
tekið <NOT MAPPED>:ssg
þátt <NOT MAPPED>:nkeo
í af
því <NOT MAPPED>:faheþ
helgihaldi <NOT MAPPED>:nheþ <UNKNOWN>
Grafarvogskirkju <NOT MAPPED>:nvee-s <UNKNOWN>
í af
desembermánuði <NOT MAPPED>:nkeþ <UNKNOWN>
. <NOT MAPPED>:.

Um af
sjö <NOT MAPPED>:tfkfo
þúsund <NOT MAPPED>:tfhfo
grunn- <NOT MAPPED>:nhfo <UNKNOWN>
og <NOT MAPPED>:c
leikskólabörn <NOT MAPPED>:nhfo <UNKNOWN>
heimsóttu <NOT MAPPED>:sfg3fþ <UNKNOWN>
kirkjuna <NOT MAPPED>:nveog
með af
formlegum <NOT MAPPED>:lvfþsf
heimsóknum <NOT MAPPED>:nvfþ <UNKNOWN>
, <NOT MAPPED>:,
frá af
1. <NOT MAPPED>:ta
desember <NOT MAPPED>:nkeþ
til af
21. <NOT MAPPED>:ta
desember <NOT MAPPED>:nkee
. <NOT MAPPED>:.

Ánægður <NOT MAPPED>:lkensf
með af
helgihaldið <NOT MAPPED>:lheosf <UNKNOWN>
þó <NOT MAPPED>:aa
að <NOT MAPPED>:c
margir <NOT MAPPED>:lkfnsf
hafi <NOT MAPPED>:svg3en
saknað <NOT MAPPED>:ssg
þess <NOT MAPPED>:fphee
að <NOT MAPPED>:c
aftansöng <NOT MAPPED>:nkeo <UNKNOWN>
kirkjunnar <NOT MAPPED>:nveeg
skyldi <NOT MAPPED>:svg3eþ
ekki <NOT MAPPED>:aa
vera <NOT MAPPED>:sng
sjónvarpað <NOT MAPPED>:sþghen <UNKNOWN>
á af
Skjá <NOT MAPPED>:nkeþ
l <NOT MAPPED>:x
eins <NOT MAPPED>:aa
og <NOT MAPPED>:c
undanfarin <NOT MAPPED>:lhfnsf
5 <NOT MAPPED>:ta
ár <NOT MAPPED>:nhfo
, <NOT MAPPED>:,
einnig <NOT MAPPED>:aa
söknuðu <NOT MAPPED>:sfg3fþ
margir <NOT MAPPED>:lkfnsf
útsendingar <NOT MAPPED>:nkfn <UNKNOWN>
á af
mbl.is <NOT MAPPED>:lheþof <UNKNOWN>
. <NOT MAPPED>:.

Um af
leið <NOT MAPPED>:nveo
og <NOT MAPPED>:c
ég <NOT MAPPED>:fp1en
var <NOT MAPPED>:sfg1eþ
að <NOT MAPPED>:cn
hugleiða <NOT MAPPED>:sng
þessi <NOT MAPPED>:fahfo
efni <NOT MAPPED>:nhfn
barst <NOT MAPPED>:sfm3eþ
mér <NOT MAPPED>:fp1eþ
vandað <NOT MAPPED>:lheosf
tímarit <NOT MAPPED>:nheo
Morgunblaðsins <NOT MAPPED>:nheegs
í af
hendur <NOT MAPPED>:nvfo
. <NOT MAPPED>:.

Þar <NOT MAPPED>:aa
var <NOT MAPPED>:sfg3eþ
fjallað <NOT MAPPED>:sþghen
um af
tónleika <NOT MAPPED>:nkfo
sem <NOT MAPPED>:ct
» <NOT MAPPED>:»
íslensku <NOT MAPPED>:lvfnvf
dívurnar <NOT MAPPED>:nvfng <UNKNOWN>
« <NOT MAPPED>:«
stóðu <NOT MAPPED>:sfg3fþ
fyrir <NOT MAPPED>:aa
. <NOT MAPPED>:.

Yfirskrift <NOT MAPPED>:nven
tónleika <NOT MAPPED>:nkfe
þeirra <NOT MAPPED>:fpvfe
var <NOT MAPPED>:sfg3eþ
Frostrósir <NOT MAPPED>:nvfn
. <NOT MAPPED>:.

Nú <NOT MAPPED>:aa
brá <NOT MAPPED>:sfg3eþ
svo <NOT MAPPED>:aa
við af
að <NOT MAPPED>:c
í af
sjálfu <NOT MAPPED>:fbheþ
Morgunblaðinu <NOT MAPPED>:nheþgs
voru <NOT MAPPED>:sfg3fþ
viðhöfð <NOT MAPPED>:sþgven
orð <NOT MAPPED>:nhfn
eins <NOT MAPPED>:aa
og <NOT MAPPED>:c
» <NOT MAPPED>:»
múgstappa <NOT MAPPED>:nhfe <UNKNOWN>
, <NOT MAPPED>:,
andnauð <NOT MAPPED>:nhen <UNKNOWN>
, <NOT MAPPED>:,
fótadofi <NOT MAPPED>:nken <UNKNOWN>
, <NOT MAPPED>:,
mammon <NOT MAPPED>:nven <UNKNOWN>
og <NOT MAPPED>:c
græðgi <NOT MAPPED>:nven
« <NOT MAPPED>:«
, <NOT MAPPED>:,
og <NOT MAPPED>:c
það <NOT MAPPED>:fphen
á af
sjálfum <NOT MAPPED>:fbhfþ
jólunum <NOT MAPPED>:nhfþg
. <NOT MAPPED>:.

Til af
að <NOT MAPPED>:cn
gera <NOT MAPPED>:sng
langa <NOT MAPPED>:lveosf
sögu <NOT MAPPED>:nveo
stutta <NOT MAPPED>:lveosf
, <NOT MAPPED>:,
þá <NOT MAPPED>:aa
komu <NOT MAPPED>:sfg3fþ
ungir <NOT MAPPED>:lkfnsf
menn <NOT MAPPED>:nkfn
sem <NOT MAPPED>:ct
reka <NOT MAPPED>:sfg3fn
fyrirtækið <NOT MAPPED>:nheog
» <NOT MAPPED>:»
þúsund <NOT MAPPED>:tfvfo
og <NOT MAPPED>:c
ein <NOT MAPPED>:tfven
nótt <NOT MAPPED>:nven
« <NOT MAPPED>:«
að af
tali <NOT MAPPED>:nheþ
við af
okkur <NOT MAPPED>:fp1fo
. <NOT MAPPED>:.

Höfðu <NOT MAPPED>:sfg3fþ
eðlilega <NOT MAPPED>:lheovf
samband <NOT MAPPED>:nheo
við af
kirkjuvörð <NOT MAPPED>:nkeo <UNKNOWN>
og <NOT MAPPED>:c
gjaldkera <NOT MAPPED>:nkeo <UNKNOWN>
sóknarnefndar <NOT MAPPED>:nvee <UNKNOWN>
um af
hvort <NOT MAPPED>:c
hægt <NOT MAPPED>:lhensf
væri <NOT MAPPED>:svg3eþ
að <NOT MAPPED>:cn
fá <NOT MAPPED>:sng
kirkjuna <NOT MAPPED>:nveog
leigða <NOT MAPPED>:sng <UNKNOWN>
fyrir af
tónleikahald <NOT MAPPED>:nveo <UNKNOWN>
. <NOT MAPPED>:.

Við <NOT MAPPED>:fp1fn
í af
Grafarvogskirkju <NOT MAPPED>:nveþ-s <UNKNOWN>
fögnum <NOT MAPPED>:sfg1fn <UNKNOWN>
framtaki <NOT MAPPED>:nheþ
ungs <NOT MAPPED>:lheesf
fólks <NOT MAPPED>:nhee
, <NOT MAPPED>:,
fögnum <NOT MAPPED>:sfg1fn <UNKNOWN>
því <NOT MAPPED>:fpheþ
að <NOT MAPPED>:c
það <NOT MAPPED>:fphen
skuli <NOT MAPPED>:svg3en
vera <NOT MAPPED>:sng
að <NOT MAPPED>:aa
» <NOT MAPPED>:»
brjóta <NOT MAPPED>:sng
ísinn <NOT MAPPED>:nkeog
« <NOT MAPPED>:«
og <NOT MAPPED>:c
stuðla <NOT MAPPED>:sng
að af
fjölbreyttu <NOT MAPPED>:lheþsf <UNKNOWN>
tónlistar <NOT MAPPED>:nvee
og <NOT MAPPED>:c
leiklistarlífi <NOT MAPPED>:nheþ <UNKNOWN>
. <NOT MAPPED>:.

Morgunblaðið <NOT MAPPED>:nhengs
hefur <NOT MAPPED>:sfg3en
ávallt <NOT MAPPED>:aa
fagnað <NOT MAPPED>:ssg
slíku <NOT MAPPED>:fbheþ
framtaki <NOT MAPPED>:nheþ
, <NOT MAPPED>:,
einkaframtakinu <NOT MAPPED>:nheþg <UNKNOWN>
sjálfu <NOT MAPPED>:fbheþ
. <NOT MAPPED>:.

Við <NOT MAPPED>:fp1fn
í af
Grafarvogskirkju <NOT MAPPED>:nveþ-s <UNKNOWN>
bentum <NOT MAPPED>:sfg1fn <UNKNOWN>
þeim <NOT MAPPED>:fphfþ
á <NOT MAPPED>:aa
að <NOT MAPPED>:c
rétt <NOT MAPPED>:lhfnsf
væri <NOT MAPPED>:svg3eþ
að <NOT MAPPED>:cn
binda <NOT MAPPED>:sng
sig <NOT MAPPED>:fphfo
við af
900 <NOT MAPPED>:ta
selda <NOT MAPPED>:sfg3fn <UNKNOWN>
miða <NOT MAPPED>:sng
, <NOT MAPPED>:,
þar <NOT MAPPED>:aa
sem <NOT MAPPED>:c
stuttu <NOT MAPPED>:lheþsf
áður <NOT MAPPED>:aa
hefði <NOT MAPPED>:svg3eþ
Lionsklúbburinn <NOT MAPPED>:nkengs <UNKNOWN>
Fjörgyn <NOT MAPPED>:nkeo-s <UNKNOWN>
í af
Grafarvogi <NOT MAPPED>:nkeþ-s <UNKNOWN>
staðið <NOT MAPPED>:ssg
fyrir af
tónleikum <NOT MAPPED>:nkfþ
til af
styrktar <NOT MAPPED>:nvee
barna- <NOT MAPPED>:nveþ <UNKNOWN>
og <NOT MAPPED>:c
unglingageðdeild <NOT MAPPED>:nveþ <UNKNOWN>
Landspítalans <NOT MAPPED>:nkeegs
, <NOT MAPPED>:,
og <NOT MAPPED>:c
hefðu <NOT MAPPED>:svg3fþ
þá <NOT MAPPED>:aa
verið <NOT MAPPED>:ssg
seldir <NOT MAPPED>:sþgkfn
1150 <NOT MAPPED>:ta <UNKNOWN>
miðar <NOT MAPPED>:nkfn
. <NOT MAPPED>:.

Það <NOT MAPPED>:fphen
gekk <NOT MAPPED>:sfg3eþ
vel <NOT MAPPED>:aa
og <NOT MAPPED>:c
enn <NOT MAPPED>:aa
er <NOT MAPPED>:sfg3en
verið <NOT MAPPED>:sþghen
að <NOT MAPPED>:cn
lofa <NOT MAPPED>:sng
þá <NOT MAPPED>:aa
tónleika <NOT MAPPED>:nkfo
eins <NOT MAPPED>:aa
og <NOT MAPPED>:c
þá <NOT MAPPED>:aa
sem <NOT MAPPED>:ct
» <NOT MAPPED>:»
dívurnar <NOT MAPPED>:nvfng <UNKNOWN>
« <NOT MAPPED>:«
stóðu <NOT MAPPED>:sfg3fþ
fyrir <NOT MAPPED>:aa
. <NOT MAPPED>:.

Uppselt <NOT MAPPED>:lhensf <UNKNOWN>
var <NOT MAPPED>:sfg3eþ
á af
alla <NOT MAPPED>:fokfo
stórtónleika <NOT MAPPED>:nkfo <UNKNOWN>
í af
desembermánuði <NOT MAPPED>:nkeþ <UNKNOWN>
í af
Grafarvogskirkju <NOT MAPPED>:nveþ-s <UNKNOWN>
. <NOT MAPPED>:.

Sjálfur <NOT MAPPED>:fbken
sat <NOT MAPPED>:sfg3eþ
ég <NOT MAPPED>:fp1en
aftast <NOT MAPPED>:aae
í af
kirkjunni <NOT MAPPED>:nveþg
á af
umræddum <NOT MAPPED>:lkfþsf
tónleikum <NOT MAPPED>:nkfþ
. <NOT MAPPED>:.

Naut <NOT MAPPED>:sfg3eþ
þess <NOT MAPPED>:fphee
vel <NOT MAPPED>:aa
ásamt af
Páli <NOT MAPPED>:nkeþ-s
Óskari <NOT MAPPED>:nkeþ-s
og <NOT MAPPED>:c
nokkrum <NOT MAPPED>:fokfþ
þjóðþekktum <NOT MAPPED>:lkfþsf <UNKNOWN>
söngvurum <NOT MAPPED>:nkfþ <UNKNOWN>
er <NOT MAPPED>:sfg3en
þar <NOT MAPPED>:aa
sátu <NOT MAPPED>:sfg3fþ
. <NOT MAPPED>:.

Ég <NOT MAPPED>:fp1en
var <NOT MAPPED>:sfg1eþ
ánægður <NOT MAPPED>:lkensf
með af
lagavalið <NOT MAPPED>:nheog <UNKNOWN>
, <NOT MAPPED>:,
nánast <NOT MAPPED>:aae
allt <NOT MAPPED>:fohen
sálmar <NOT MAPPED>:nkfn
fornir <NOT MAPPED>:lkfnsf <UNKNOWN>
og <NOT MAPPED>:c
nýir <NOT MAPPED>:lkfnsf
. <NOT MAPPED>:.

Ég <NOT MAPPED>:fp1en
hugsaði <NOT MAPPED>:sfg1eþ
á af
allt <NOT MAPPED>:foheo
annan <NOT MAPPED>:fokeo
hátt <NOT MAPPED>:nkeo
en <NOT MAPPED>:c
greinarhöfundur <NOT MAPPED>:nken <UNKNOWN>
» <NOT MAPPED>:»
Flugunnar <NOT MAPPED>:nveegs <UNKNOWN>
« <NOT MAPPED>:«
. <NOT MAPPED>:.

Ég <NOT MAPPED>:fp1en
hugsaði <NOT MAPPED>:sfg1eþ
: <NOT MAPPED>::

mikið <NOT MAPPED>:lhensf
er <NOT MAPPED>:sfg3en
það <NOT MAPPED>:fphen
stórkostlegt <NOT MAPPED>:lhensf
hve <NOT MAPPED>:aa
vel <NOT MAPPED>:aa
unga <NOT MAPPED>:lhenvf
fólkið <NOT MAPPED>:nheng
stendur <NOT MAPPED>:sfg3en
sig <NOT MAPPED>:fpheo
í af
tónlistinni <NOT MAPPED>:nveþg
sem <NOT MAPPED>:aa
og <NOT MAPPED>:c
í af
leiklistinni <NOT MAPPED>:nveþg
. <NOT MAPPED>:.

Framtíðin <NOT MAPPED>:nveng
er <NOT MAPPED>:sfg3en
svo <NOT MAPPED>:aa
sannarlega <NOT MAPPED>:aa
björt <NOT MAPPED>:lvensf
. <NOT MAPPED>:.

Mér <NOT MAPPED>:fp1eþ
fannst <NOT MAPPED>:sfm3eþ
loftið <NOT MAPPED>:nheog
vera <NOT MAPPED>:sng
gott <NOT MAPPED>:lhensf
, <NOT MAPPED>:,
enda <NOT MAPPED>:c
til af
staðar <NOT MAPPED>:nkee
dýr <NOT MAPPED>:nhfo
og <NOT MAPPED>:c
mikil <NOT MAPPED>:lvensf
loftræsting <NOT MAPPED>:nven
. <NOT MAPPED>:.

Varðandi <NOT MAPPED>:slg
ungu <NOT MAPPED>:lveovf
stúlkuna <NOT MAPPED>:nveog
sem <NOT MAPPED>:ct
þurfti <NOT MAPPED>:sfg3eþ
að <NOT MAPPED>:cn
hvíla <NOT MAPPED>:sng
sig <NOT MAPPED>:fpveo
um af
stund <NOT MAPPED>:nveo
, <NOT MAPPED>:,
þá <NOT MAPPED>:aa
má <NOT MAPPED>:sfg3en
greina <NOT MAPPED>:sng
frá <NOT MAPPED>:aa
að <NOT MAPPED>:c
hún <NOT MAPPED>:fpven
var <NOT MAPPED>:sfg3eþ
illa <NOT MAPPED>:aa
fyrir <NOT MAPPED>:aa
kölluð <NOT MAPPED>:sþgven
, <NOT MAPPED>:,
jafnvel <NOT MAPPED>:aa
með af
flensuna <NOT MAPPED>:nveog <UNKNOWN>
. <NOT MAPPED>:.

Höfundur <NOT MAPPED>:nken
þekkir <NOT MAPPED>:sfg3en
lítið <NOT MAPPED>:aa
til af
tónleikahalds <NOT MAPPED>:nhee <UNKNOWN>
ef <NOT MAPPED>:c
henni <NOT MAPPED>:fpveþ
bregður <NOT MAPPED>:sfg3en
við <NOT MAPPED>:fp1fn
það <NOT MAPPED>:fphen
að <NOT MAPPED>:c
barn <NOT MAPPED>:nhen
þurfi <NOT MAPPED>:svg3en
að <NOT MAPPED>:cn
hvíla <NOT MAPPED>:sng
sig <NOT MAPPED>:fpheo
um af
stund <NOT MAPPED>:nveo
á af
glæsilegum <NOT MAPPED>:lkfþsf
tónleikum <NOT MAPPED>:nkfþ
og <NOT MAPPED>:c
miklum <NOT MAPPED>:lkeþsf
. <NOT MAPPED>:.

Það <NOT MAPPED>:fpheo
þekkjum <NOT MAPPED>:sfg1fn
við <NOT MAPPED>:fp1fn
í af
kirkjunni <NOT MAPPED>:nveþg
bæði <NOT MAPPED>:c
á af
tónleikum <NOT MAPPED>:nkfþ
og <NOT MAPPED>:c
við af
fermingar <NOT MAPPED>:nvfo <UNKNOWN>
svo <NOT MAPPED>:aa
einhver <NOT MAPPED>:fohfn
dæmi <NOT MAPPED>:nhfn
séu <NOT MAPPED>:svg3fn
nefnd <NOT MAPPED>:sþghfn
. <NOT MAPPED>:.

Rætt <NOT MAPPED>:sþghen
var <NOT MAPPED>:sfg3eþ
og <NOT MAPPED>:c
um af
stærð <NOT MAPPED>:nveo
Grafarvogskirkju <NOT MAPPED>:nvee-s <UNKNOWN>
. <NOT MAPPED>:.

Væntanlega <NOT MAPPED>:aa
hafa <NOT MAPPED>:sfg3fn
tónleikahaldarar <NOT MAPPED>:nkfn <UNKNOWN>
fengið <NOT MAPPED>:ssg
upplýsingar <NOT MAPPED>:nvfo
um af
það <NOT MAPPED>:fpheo
hjá af
Reykjavíkurborg <NOT MAPPED>:nveþ-s <UNKNOWN>
hvaða <NOT MAPPED>:fsven
kirkja <NOT MAPPED>:nven
er <NOT MAPPED>:sfg3en
stærst <NOT MAPPED>:lhense
talið <NOT MAPPED>:nheng
í af
fermetrum <NOT MAPPED>:nkfþ <UNKNOWN>
, <NOT MAPPED>:,
ekki <NOT MAPPED>:aa
rúmmetrum <NOT MAPPED>:nkfþ <UNKNOWN>
. <NOT MAPPED>:.

Í af
Grafarvogskirkju <NOT MAPPED>:nveþ-s <UNKNOWN>
eru <NOT MAPPED>:sfg3fn
til af
staðar <NOT MAPPED>:nkee
fimm <NOT MAPPED>:tfhfe
hæðir <NOT MAPPED>:nvfn
, <NOT MAPPED>:,
þegar <NOT MAPPED>:c
Borgarbókasafnið <NOT MAPPED>:nhengs <UNKNOWN>
er <NOT MAPPED>:sfg3en
tekið <NOT MAPPED>:sþghen
með <NOT MAPPED>:aa
, <NOT MAPPED>:,
en <NOT MAPPED>:c
það <NOT MAPPED>:fphen
starfar <NOT MAPPED>:sfg3en
á af
tveimur <NOT MAPPED>:tfvfþ
hæðum <NOT MAPPED>:nvfþ
. <NOT MAPPED>:.

Best <NOT MAPPED>:aae
er <NOT MAPPED>:sfg3en
í af
lok <NOT MAPPED>:nhfo
þessa <NOT MAPPED>:fakee
pistils <NOT MAPPED>:nkee <UNKNOWN>
að <NOT MAPPED>:cn
óska <NOT MAPPED>:sng
Morgunblaðinu <NOT MAPPED>:nheþgs
sem <NOT MAPPED>:ct
ávallt <NOT MAPPED>:aa
hefur <NOT MAPPED>:sfg3en
borið <NOT MAPPED>:ssg
höfuð <NOT MAPPED>:nheo
og <NOT MAPPED>:c
herðar <NOT MAPPED>:nvfo
yfir af
aðra <NOT MAPPED>:fokfo
fjölmiðla <NOT MAPPED>:nkfo
, <NOT MAPPED>:,
ekki <NOT MAPPED>:aa
síst <NOT MAPPED>:aae
þegar <NOT MAPPED>:c
fjallað <NOT MAPPED>:sþghen
er <NOT MAPPED>:sfg3en
um af
viðkvæm <NOT MAPPED>:lhfosf
mál <NOT MAPPED>:nhfo
samfélagsins <NOT MAPPED>:nheeg
, <NOT MAPPED>:,
til af
hamingju <NOT MAPPED>:nvee
með af
glæsilegt <NOT MAPPED>:lheosf
blað <NOT MAPPED>:nheo
, <NOT MAPPED>:,
» <NOT MAPPED>:»
Tímarit <NOT MAPPED>:nheo-s
Morgunblaðsins <NOT MAPPED>:nheegs
« <NOT MAPPED>:«
. <NOT MAPPED>:.

Guð <NOT MAPPED>:nken
gefi <NOT MAPPED>:svg3en
ykkur <NOT MAPPED>:fp2fo
gleðilegt <NOT MAPPED>:lheosf
ár <NOT MAPPED>:nheo
, <NOT MAPPED>:,
þakka <NOT MAPPED>:sng
blessunarríkt <NOT MAPPED>:lheosf <UNKNOWN>
samstarf <NOT MAPPED>:nheo
á af
því <NOT MAPPED>:faheþ
ári <NOT MAPPED>:nheþ
sem <NOT MAPPED>:ct
er <NOT MAPPED>:sfg3en
að <NOT MAPPED>:cn
líða <NOT MAPPED>:sng
. <NOT MAPPED>:.

Í af
Guðs <NOT MAPPED>:nkee-s
friði <NOT MAPPED>:nkeþ
. <NOT MAPPED>:.

Vigfús <NOT MAPPED>:nken-s
Þór <NOT MAPPED>:nken-s
Árnason <NOT MAPPED>:nken-s
sóknarprestur <NOT MAPPED>:nken
. <NOT MAPPED>:.

hinir <NOT MAPPED>:gkfn
ódauðlegu <NOT MAPPED>:lkfnvf <UNKNOWN>
Stuðmenn <NOT MAPPED>:nkfn-s <UNKNOWN>
fögnuðu <NOT MAPPED>:sfg3fþ
nýju <NOT MAPPED>:lheþsf
ári <NOT MAPPED>:nheþ
með af
því <NOT MAPPED>:fpheþ
að <NOT MAPPED>:cn
halda <NOT MAPPED>:sng
áramótadansleik <NOT MAPPED>:nkeþ
á af
skemmtistaðnum <NOT MAPPED>:nkeþg <UNKNOWN>
NASA <NOT MAPPED>:sfg3fn
. <NOT MAPPED>:.

Dansleikurinn <NOT MAPPED>:nkeng
var <NOT MAPPED>:sfg3eþ
vel <NOT MAPPED>:aa
sóttur <NOT MAPPED>:sþgken
og <NOT MAPPED>:c
að af
venju <NOT MAPPED>:nveþ
var <NOT MAPPED>:sfg3eþ
mikil <NOT MAPPED>:lvensf
ánægja <NOT MAPPED>:nven
ríkjandi <NOT MAPPED>:slg
með af
framgöngu <NOT MAPPED>:nveo <UNKNOWN>
sveitarinnar <NOT MAPPED>:nveeg
. <NOT MAPPED>:.

Fjármálahneykslið <NOT MAPPED>:nheng <UNKNOWN>
hjá af
ítalska <NOT MAPPED>:lheþvf
matvörufyrirtækinu <NOT MAPPED>:nheþg <UNKNOWN>
Parmalat <NOT MAPPED>:nkee-s <UNKNOWN>
vatt <NOT MAPPED>:sfg3eþ
enn <NOT MAPPED>:aa
upp <NOT MAPPED>:aa
á af
sig <NOT MAPPED>:fpheo
á af
gamlársdag <NOT MAPPED>:nkeo <UNKNOWN>
þegar <NOT MAPPED>:c
sjö <NOT MAPPED>:tfkfo
voru <NOT MAPPED>:sfg3fþ
færðir <NOT MAPPED>:sþgkfn
í af
gæsluvarðhald <NOT MAPPED>:nveþ <UNKNOWN>
vegna af
málsins <NOT MAPPED>:nheeg
. <NOT MAPPED>:.

Áður <NOT MAPPED>:aa
hafði <NOT MAPPED>:sfg3eþ
stofnandi <NOT MAPPED>:nken
fyrirtækisins <NOT MAPPED>:nheeg
og <NOT MAPPED>:c
fyrrverandi <NOT MAPPED>:lkenof
forstjóri <NOT MAPPED>:nken
verið <NOT MAPPED>:ssg
settur <NOT MAPPED>:sþgken
í af
gæsluvarðhald <NOT MAPPED>:nveþ <UNKNOWN>
. <NOT MAPPED>:.

Á <NOT MAPPED>:aa
meðal af
þeirra <NOT MAPPED>:fpkfe
sem <NOT MAPPED>:ct
teknir <NOT MAPPED>:sþgkfn
voru <NOT MAPPED>:sfg3fþ
höndum <NOT MAPPED>:nvfþ
á af
gamlársdag <NOT MAPPED>:nkeo <UNKNOWN>
var <NOT MAPPED>:sfg3eþ
stjórnarformaður <NOT MAPPED>:nken
ítalsks <NOT MAPPED>:lheesf <UNKNOWN>
útibús <NOT MAPPED>:nhee <UNKNOWN>
Grant <NOT MAPPED>:nveþ-s <UNKNOWN>
Thornton <NOT MAPPED>:nken-s <UNKNOWN>
. <NOT MAPPED>:.

Grant <NOT MAPPED>:nken <UNKNOWN>
Thornton <NOT MAPPED>:nken-s <UNKNOWN>
hefur <NOT MAPPED>:sfg3en
frá af
því <NOT MAPPED>:fpheþ
upp <NOT MAPPED>:aa
komst <NOT MAPPED>:sfm3eþ
um af
ólögmætt <NOT MAPPED>:lheosf <UNKNOWN>
athæfi <NOT MAPPED>:nheo
innan af
Parmalat <NOT MAPPED>:nkee-s <UNKNOWN>
sagst <NOT MAPPED>:sfm3en
vera <NOT MAPPED>:sng
fórnarlamb <NOT MAPPED>:nhen
svika <NOT MAPPED>:sfg3fn <UNKNOWN>
en <NOT MAPPED>:c
ekki <NOT MAPPED>:aa
þátttakandi <NOT MAPPED>:nken
í af
þeim <NOT MAPPED>:fphfþ
. <NOT MAPPED>:.

Saksóknarar <NOT MAPPED>:nkfn <UNKNOWN>
segja <NOT MAPPED>:sfg3fn
að <NOT MAPPED>:c
bókhaldssvikin <NOT MAPPED>:nhfng <UNKNOWN>
hjá af
Parmalat <NOT MAPPED>:nxeþ-s <UNKNOWN>
hafi <NOT MAPPED>:svg3fn
verið <NOT MAPPED>:ssg
kerfisbundin <NOT MAPPED>:lhfnsf <UNKNOWN>
og <NOT MAPPED>:c
nái <NOT MAPPED>:svg3fn
nokkur <NOT MAPPED>:fohfo
ár <NOT MAPPED>:nhfo
aftur <NOT MAPPED>:aa
í af
tímann <NOT MAPPED>:nkeog
. <NOT MAPPED>:.

Grant <NOT MAPPED>:nken <UNKNOWN>
Thornton <NOT MAPPED>:nken-s <UNKNOWN>
hefur <NOT MAPPED>:sfg3en
starfað <NOT MAPPED>:ssg
fyrir af
Parmalat <NOT MAPPED>:nkeo-s <UNKNOWN>
frá af
árinu <NOT MAPPED>:nheþg
1990 <NOT MAPPED>:ta
, <NOT MAPPED>:,
eða <NOT MAPPED>:c
í af
þrettán <NOT MAPPED>:tfhfo
ár <NOT MAPPED>:nhfo
, <NOT MAPPED>:,
og <NOT MAPPED>:c
telja <NOT MAPPED>:sfg3fn
saksóknarar <NOT MAPPED>:nkfn <UNKNOWN>
víst <NOT MAPPED>:aa
að <NOT MAPPED>:c
endurskoðendur <NOT MAPPED>:nkfn
fyrirtækisins <NOT MAPPED>:nheeg
hafi <NOT MAPPED>:svg3fn
tekið <NOT MAPPED>:ssg
þátt <NOT MAPPED>:nkeo
í af
að <NOT MAPPED>:cn
falsa <NOT MAPPED>:sng
bókhald <NOT MAPPED>:nveo <UNKNOWN>
Parmalat <NOT MAPPED>:nkee-s <UNKNOWN>
. <NOT MAPPED>:.

Gatið <NOT MAPPED>:nheng
sem <NOT MAPPED>:ct
upp <NOT MAPPED>:aa
hefur <NOT MAPPED>:sfg3en
komist <NOT MAPPED>:ssm
um <NOT MAPPED>:aa
í af
bókhaldi <NOT MAPPED>:nheþ <UNKNOWN>
Parmalat <NOT MAPPED>:nkee-s <UNKNOWN>
er <NOT MAPPED>:sfg3en
talið <NOT MAPPED>:sþghen
nema <NOT MAPPED>:c
allt <NOT MAPPED>:fohen
að <NOT MAPPED>:c
10 <NOT MAPPED>:ta
milljörðum <NOT MAPPED>:nkfþ
evra <NOT MAPPED>:nven
eða <NOT MAPPED>:c
tæplega <NOT MAPPED>:aa
900 <NOT MAPPED>:ta
milljörðum <NOT MAPPED>:nkfþ
íslenskra <NOT MAPPED>:lvfesf
króna <NOT MAPPED>:nvfe
, <NOT MAPPED>:,
að <NOT MAPPED>:c
því <NOT MAPPED>:fpheþ
er <NOT MAPPED>:sfg3en
fram <NOT MAPPED>:aa
kom <NOT MAPPED>:sfg3eþ
í af
fréttum <NOT MAPPED>:nvfþ
BBC <NOT MAPPED>:nkee-s <UNKNOWN>
og <NOT MAPPED>:c
Reuters <NOT MAPPED>:nkee-s <UNKNOWN>
. <NOT MAPPED>:.

Stofnandi <NOT MAPPED>:nken
Parmalat <NOT MAPPED>:nkee-s <UNKNOWN>
, <NOT MAPPED>:,
Calisto <NOT MAPPED>:nken-s <UNKNOWN>
Tanzi <NOT MAPPED>:nveo-s <UNKNOWN>
, <NOT MAPPED>:,
sem <NOT MAPPED>:ct
handtekinn <NOT MAPPED>:lkensf <UNKNOWN>
var <NOT MAPPED>:sfg3eþ
á af
götu <NOT MAPPED>:nveþ
í af
Mílanó <NOT MAPPED>:nxeþ-s
27. <NOT MAPPED>:ta
desember <NOT MAPPED>:nkeþ
síðastliðinn <NOT MAPPED>:lkensf
, <NOT MAPPED>:,
hefur <NOT MAPPED>:sfg3en
játað <NOT MAPPED>:ssg
að <NOT MAPPED>:cn
hafa <NOT MAPPED>:sng
beint <NOT MAPPED>:aa
500 <NOT MAPPED>:ta
milljónum <NOT MAPPED>:nvfþ
evra <NOT MAPPED>:nven
úr af
sjóðum <NOT MAPPED>:nkfþ
Parmalat <NOT MAPPED>:nkee-s <UNKNOWN>
inn <NOT MAPPED>:aa
í af
önnur <NOT MAPPED>:fohfo
félög <NOT MAPPED>:nhfo
honum <NOT MAPPED>:fpkeþ
tengd <NOT MAPPED>:sþgven
. <NOT MAPPED>:.

Hann <NOT MAPPED>:fpken
játar <NOT MAPPED>:sfg3en
einnig <NOT MAPPED>:aa
að <NOT MAPPED>:cn
hafa <NOT MAPPED>:sng
vitað <NOT MAPPED>:ssg
að af
meira <NOT MAPPED>:lheþvm
tap <NOT MAPPED>:nhen
var <NOT MAPPED>:sfg3eþ
á af
reksti <NOT MAPPED>:nkeþ <UNKNOWN>
fyrirtækisins <NOT MAPPED>:nheeg
en <NOT MAPPED>:c
bókhaldið <NOT MAPPED>:lhensf <UNKNOWN>
sýndi <NOT MAPPED>:sfg3eþ
, <NOT MAPPED>:,
en <NOT MAPPED>:c
neitar <NOT MAPPED>:sfg3en
því <NOT MAPPED>:fpheþ
að <NOT MAPPED>:c
yfirmenn <NOT MAPPED>:nkfn
fyrirtækisins <NOT MAPPED>:nheeg
hafi <NOT MAPPED>:svg3fn
stundað <NOT MAPPED>:ssg
bókhaldssvik <NOT MAPPED>:nhfo <UNKNOWN>
til af
að <NOT MAPPED>:cn
breiða <NOT MAPPED>:sng
yfir af
tapið <NOT MAPPED>:nheog <UNKNOWN>
. <NOT MAPPED>:.

Rannsókn <NOT MAPPED>:nven
á af
fjármálum <NOT MAPPED>:nhfþ
Parmalat <NOT MAPPED>:nkee-s <UNKNOWN>
er <NOT MAPPED>:sfg3en
afar <NOT MAPPED>:aa
víðtæk <NOT MAPPED>:lvensf
, <NOT MAPPED>:,
enda <NOT MAPPED>:nkee
fyrirtækið <NOT MAPPED>:nheng
með af
starfsemi <NOT MAPPED>:nveþ
vítt <NOT MAPPED>:lhensf
og <NOT MAPPED>:c
breitt <NOT MAPPED>:lhensf
um af
heiminn <NOT MAPPED>:nkeog
. <NOT MAPPED>:.

Upptök <NOT MAPPED>:nhfn
málsins <NOT MAPPED>:nheeg
má <NOT MAPPED>:sfg3en
rekja <NOT MAPPED>:sng
til af
bankareiknings <NOT MAPPED>:nkee <UNKNOWN>
á af
Cayman-eyjum <NOT MAPPED>:nvfþ-s <UNKNOWN>
sem <NOT MAPPED>:ct
átti <NOT MAPPED>:sfg3eþ
að <NOT MAPPED>:cn
vera <NOT MAPPED>:sng
í af
eigu <NOT MAPPED>:nveþ
Bonlat <NOT MAPPED>:nkee-s <UNKNOWN>
, <NOT MAPPED>:,
dótturfélags <NOT MAPPED>:nhee <UNKNOWN>
Parmalat <NOT MAPPED>:nkee-s <UNKNOWN>
, <NOT MAPPED>:,
en <NOT MAPPED>:c
reyndist <NOT MAPPED>:sfm3eþ
svo <NOT MAPPED>:aa
ekki <NOT MAPPED>:aa
vera <NOT MAPPED>:sng
til <NOT MAPPED>:aa
. <NOT MAPPED>:.

Það <NOT MAPPED>:fphen
var <NOT MAPPED>:sfg3eþ
Bank <NOT MAPPED>:nken-s <UNKNOWN>
of <NOT MAPPED>:aa
America <NOT MAPPED>:nken-s <UNKNOWN>
sem <NOT MAPPED>:ct
staðfesti <NOT MAPPED>:sfg3eþ
að <NOT MAPPED>:c
gögnin <NOT MAPPED>:nhfng
um af
reikninginn <NOT MAPPED>:nkeog
væru <NOT MAPPED>:svg3fþ
fölsuð <NOT MAPPED>:sþghfn <UNKNOWN>
. <NOT MAPPED>:.

Saksóknarar <NOT MAPPED>:nkfn <UNKNOWN>
bíða <NOT MAPPED>:sfg3fn
nú <NOT MAPPED>:aa
eftir af
gögnum <NOT MAPPED>:nhfþ
frá af
starfsstöðvum <NOT MAPPED>:nvfþ <UNKNOWN>
Parmalat <NOT MAPPED>:nkee-s <UNKNOWN>
utan af
Evrópu <NOT MAPPED>:nvee-s
og <NOT MAPPED>:c
Bandaríkjanna <NOT MAPPED>:nhfegs
, <NOT MAPPED>:,
en <NOT MAPPED>:c
sá <NOT MAPPED>:sfg3eþ
hluti <NOT MAPPED>:nken
rannsóknarinnar <NOT MAPPED>:nveeg
er <NOT MAPPED>:sfg3en
talinn <NOT MAPPED>:sþgken
líklegur <NOT MAPPED>:lkensf
til af
að <NOT MAPPED>:cn
dragast <NOT MAPPED>:snm
á af
langinn <NOT MAPPED>:nkeog
. <NOT MAPPED>:.

Handtökuskipun <NOT MAPPED>:nven <UNKNOWN>
hefur <NOT MAPPED>:sfg3en
verið <NOT MAPPED>:ssg
gefin <NOT MAPPED>:sþgven
út <NOT MAPPED>:aa
á af
hendur <NOT MAPPED>:nvfo
yfirmanni <NOT MAPPED>:nkeþ <UNKNOWN>
Parmalat <NOT MAPPED>:nkee-s <UNKNOWN>
í af
Venusúela <NOT MAPPED>:nven-s <UNKNOWN>
, <NOT MAPPED>:,
Giovanni <NOT MAPPED>:nkeþ-s <UNKNOWN>
Bonici <NOT MAPPED>:nkeþ-s <UNKNOWN>
, <NOT MAPPED>:,
en <NOT MAPPED>:c
hann <NOT MAPPED>:fpken
er <NOT MAPPED>:sfg3en
væntanlegur <NOT MAPPED>:lkensf <UNKNOWN>
til af
Ítalíu <NOT MAPPED>:nvee-s
. <NOT MAPPED>:.

Enginn <NOT MAPPED>:foken
hefur <NOT MAPPED>:sfg3en
enn <NOT MAPPED>:aa
verið <NOT MAPPED>:ssg
ákærður <NOT MAPPED>:lkensf <UNKNOWN>
í af
málinu <NOT MAPPED>:nheþg
. <NOT MAPPED>:.

Lögfræðingar <NOT MAPPED>:nkfn
Tanzis <NOT MAPPED>:nhee-s <UNKNOWN>
eru <NOT MAPPED>:sfg3fn
sagðir <NOT MAPPED>:sþgkfn
ætla <NOT MAPPED>:sfg3fn
að <NOT MAPPED>:cn
byggja <NOT MAPPED>:sng
vörn <NOT MAPPED>:nveo
hans <NOT MAPPED>:fpkee
á af
því <NOT MAPPED>:fpheþ
að <NOT MAPPED>:c
hann <NOT MAPPED>:fpken
hafi <NOT MAPPED>:svg3en
ekki <NOT MAPPED>:aa
stolið <NOT MAPPED>:lheosf
neinum <NOT MAPPED>:fokfþ
peningum <NOT MAPPED>:nkfþ
, <NOT MAPPED>:,
heldur <NOT MAPPED>:c
einungis <NOT MAPPED>:aa
falið <NOT MAPPED>:ssg
slæma <NOT MAPPED>:lveosf
fjárhagsstöðu <NOT MAPPED>:nveo
Parmalat <NOT MAPPED>:nkee-s <UNKNOWN>
fyrir af
hluthöfum <NOT MAPPED>:nkfþ
. <NOT MAPPED>:.

Parmalat <NOT MAPPED>:nhen <UNKNOWN>
var <NOT MAPPED>:sfg3eþ
stofnað <NOT MAPPED>:sþghen
árið <NOT MAPPED>:nheog
1961 <NOT MAPPED>:ta
og <NOT MAPPED>:c
er <NOT MAPPED>:sfg3en
í af
fararbroddi <NOT MAPPED>:nkeþ
á af
mörkuðum <NOT MAPPED>:nkfþ
fyrir af
mjólk <NOT MAPPED>:nveo
, <NOT MAPPED>:,
ávaxtasafa <NOT MAPPED>:nkeo <UNKNOWN>
, <NOT MAPPED>:,
jógúrt <NOT MAPPED>:lheosf <UNKNOWN>
og <NOT MAPPED>:c
fleiri <NOT MAPPED>:lvfovm
matvörur <NOT MAPPED>:nvfo <UNKNOWN>
í af
Ítalíu <NOT MAPPED>:nveþ-s
og <NOT MAPPED>:c
víðar <NOT MAPPED>:lvfosf
. <NOT MAPPED>:.

Meðal af
eigna <NOT MAPPED>:nvfe
Parmalat <NOT MAPPED>:nkee-s <UNKNOWN>
er <NOT MAPPED>:sfg3en
ítalska <NOT MAPPED>:lhenvf
knattspyrnuliðið <NOT MAPPED>:nheng <UNKNOWN>
Parma <NOT MAPPED>:nkee-s <UNKNOWN>
. <NOT MAPPED>:.

» <NOT MAPPED>:»
ég <NOT MAPPED>:fp1en
mun <NOT MAPPED>:sfg1en
byrja <NOT MAPPED>:sng
á af
að <NOT MAPPED>:cn
ganga <NOT MAPPED>:sng
frá af
ýmsum <NOT MAPPED>:fohfþ
málum <NOT MAPPED>:nhfþ
sem <NOT MAPPED>:ct
hafa <NOT MAPPED>:sfg3fn
safnast <NOT MAPPED>:ssm
saman <NOT MAPPED>:aa
á af
nokkuð <NOT MAPPED>:foheo
löngum <NOT MAPPED>:aa
pólitískum <NOT MAPPED>:lkeþsf
ferli <NOT MAPPED>:nkeþ
. <NOT MAPPED>:.

Síðan <NOT MAPPED>:aa
reikna <NOT MAPPED>:sng
ég <NOT MAPPED>:fp1en
með af
að <NOT MAPPED>:cn
hleypa <NOT MAPPED>:sng
heimdraganum <NOT MAPPED>:nkeþg <UNKNOWN>
í af
febrúar <NOT MAPPED>:nkeþ
og <NOT MAPPED>:c
mars <NOT MAPPED>:nkeþ
, <NOT MAPPED>:,
« <NOT MAPPED>:«
segir <NOT MAPPED>:sfg3en
Tómas <NOT MAPPED>:nken-s
Ingi <NOT MAPPED>:nken-s
Olrich <NOT MAPPED>:nken-s <UNKNOWN>
sem <NOT MAPPED>:ct
lét <NOT MAPPED>:sfg3eþ
af af
embætti <NOT MAPPED>:nheþ
menntamálaráðherra <NOT MAPPED>:nkee
á af
ríkisráðsfundi <NOT MAPPED>:nkeþ <UNKNOWN>
á af
gamlársdag <NOT MAPPED>:nkeo <UNKNOWN>
. <NOT MAPPED>:.

Tómas <NOT MAPPED>:nken-s
Ingi <NOT MAPPED>:nken-s
tekur <NOT MAPPED>:sfg3en
við <NOT MAPPED>:aa
sendiherraembætti <NOT MAPPED>:nhfo <UNKNOWN>
í af
París <NOT MAPPED>:nveo-s
í af
haust <NOT MAPPED>:nheo
en <NOT MAPPED>:c
ætlar <NOT MAPPED>:sfg3en
m. <NOT MAPPED>:lkeþve
a. <NOT MAPPED>:fohee
að <NOT MAPPED>:cn
nota <NOT MAPPED>:sng
tímann <NOT MAPPED>:nkeog
þangað <NOT MAPPED>:aa
til <NOT MAPPED>:aa
og <NOT MAPPED>:c
leggja <NOT MAPPED>:sng
stund <NOT MAPPED>:nveo
á af
nám <NOT MAPPED>:nheo
í af
ítölsku <NOT MAPPED>:nveþ
erlendis <NOT MAPPED>:aa
á af
komandi <NOT MAPPED>:lkfþof
mánuðum <NOT MAPPED>:nkfþ
. <NOT MAPPED>:.

Ítalía <NOT MAPPED>:nven-s
er <NOT MAPPED>:sfg3en
meðal af
þeirra <NOT MAPPED>:fpkfe
landa <NOT MAPPED>:sng
sem <NOT MAPPED>:ct
heyra <NOT MAPPED>:sfg3fn
undir af
sendiráðið <NOT MAPPED>:nheog <UNKNOWN>
í af
París <NOT MAPPED>:nveþ-s
. <NOT MAPPED>:.

» <NOT MAPPED>:»
ég <NOT MAPPED>:fp1en
á <NOT MAPPED>:sfg1en
von <NOT MAPPED>:nveo
á af
því <NOT MAPPED>:fpheþ
að <NOT MAPPED>:c
ég <NOT MAPPED>:fp1en
komi <NOT MAPPED>:svg1en
mér <NOT MAPPED>:fp1eþ
í af
einhvers <NOT MAPPED>:fokee
konar <NOT MAPPED>:nkee
nám <NOT MAPPED>:nheo
og <NOT MAPPED>:c
endurhæfingu <NOT MAPPED>:nveþ
. <NOT MAPPED>:.

Það <NOT MAPPED>:fphen
er <NOT MAPPED>:sfg3en
fyrst <NOT MAPPED>:aae
og <NOT MAPPED>:c
fremst <NOT MAPPED>:aae
tungumálanám <NOT MAPPED>:nheo <UNKNOWN>
en <NOT MAPPED>:c
mig <NOT MAPPED>:fp1eo
langar <NOT MAPPED>:sfg3en
til af
að <NOT MAPPED>:cn
rifja <NOT MAPPED>:sng
upp <NOT MAPPED>:aa
það <NOT MAPPED>:fpheo
litla <NOT MAPPED>:lheovf
sem <NOT MAPPED>:ct
ég <NOT MAPPED>:fp1en
kann <NOT MAPPED>:sfg1en
í af
ítölsku <NOT MAPPED>:nveþ
og <NOT MAPPED>:c
bæta <NOT MAPPED>:sng
við <NOT MAPPED>:aa
, <NOT MAPPED>:,
« <NOT MAPPED>:«
segir <NOT MAPPED>:sfg3en
hann <NOT MAPPED>:fpken
. <NOT MAPPED>:.

Tómas <NOT MAPPED>:nken-s
Ingi <NOT MAPPED>:nken-s
hefur <NOT MAPPED>:sfg3en
setið <NOT MAPPED>:ssg
á af
Alþingi <NOT MAPPED>:nheþ-s
frá af
1991 <NOT MAPPED>:ta <UNKNOWN>
og <NOT MAPPED>:c
verið <NOT MAPPED>:ssg
menntamálaráðherra <NOT MAPPED>:nken
frá af
2002 <NOT MAPPED>:ta <UNKNOWN>
. <NOT MAPPED>:.

Hann <NOT MAPPED>:fpken
afsalaði <NOT MAPPED>:sfg3eþ
sér <NOT MAPPED>:fpkeþ
þingsætinu <NOT MAPPED>:nheþg <UNKNOWN>
frá af
og <NOT MAPPED>:c
með af
áramótum <NOT MAPPED>:nhfþ
og <NOT MAPPED>:c
tekur <NOT MAPPED>:sfg3en
Arnbjörg <NOT MAPPED>:nven-s <UNKNOWN>
Sveinsdóttir <NOT MAPPED>:nven-s
sæti <NOT MAPPED>:svg3eþ
hans <NOT MAPPED>:fpkee
á af
Alþingi <NOT MAPPED>:nheþ-s
. <NOT MAPPED>:.

