[MWE_CP Þar aa sem c ]
[NP jökulinn nkeog ]
[VP ber sfg3en ]
[PP við ao [NP loft nheo ] ]
[VP hættir sfg3en ]
{*SUBJ< [NP landið nheng ] }
[VPb að cn vera sng ]
{*COMP< [AP jarðneskt lhensf ] }
, ,
[CP en c ]
{*SUBJ> [NP jörðin nveng ] }
[VP fær sfg3en ]
{*OBJ< [NP hlutdeild nveo ] }
[PP í aþ [NP himninum nkeþg ] ]
, ,
[AdvP þar aa ]
[VPi búa sng ]
[AdvP ekki aa framar aam ]
{*OBJ< [NP neinar fovfo sorgir nvfo ] }
[CP og c ]
[MWE_AdvP þess fphee vegna ae ]
[VPb er sfg3en ]
{*SUBJ< [NP gleðin nveng ] }
{*COMP< [AP [AdvP ekki aa ] nauðsynleg lvensf ] }
, ,
[AdvP þar aa ]
[VP ríkir sfg3en ]
{*SUBJ< [NP fegurðin nveng ] }
{*COMP [AP ein lvensf ] }
, ,
[PP ofar aþm [NP hverri foveþ kröfu nveþ ] ]
. .

